2025-04-26 13:54:02,801 [INFO] Activator:176 - 


2025-04-26 13:54:02,804 [INFO] Activator:177 - !SESSION log4j initialized
2025-04-26 13:54:07,160 [INFO] LogOutputStream:77 - [STDOUT_REDIRECT] 
2025-04-26 13:54:13,447 [INFO] ApplicationProperties:184 - Using Application install path: C:\ST\STM32CubeIDE_1.17.0\STM32CubeIDE\plugins\com.st.stm32cube.common.mx_6.14.1.202504091515
2025-04-26 13:54:13,459 [INFO] DbMcusXml:78 - Set database path to: C:\ST\STM32CubeIDE_1.17.0\STM32CubeIDE\plugins\com.st.stm32cube.common.mx_6.14.1.202504091515\\db\/mcu/
2025-04-26 13:54:13,459 [INFO] ApiDb:274 - Set plugin database path to: C:\ST\STM32CubeIDE_1.17.0\STM32CubeIDE\plugins\com.st.stm32cube.common.mx_6.14.1.202504091515\\db\/plugins/boardmanager/
2025-04-26 13:54:13,459 [WARN] ApiDb:259 - Overriding images path with different value:  => C:\ST\STM32CubeIDE_1.17.0\STM32CubeIDE\plugins\com.st.stm32cube.common.mx_6.14.1.202504091515\\db\/plugins/mcufinder/images/
2025-04-26 13:54:13,466 [INFO] ApiDb:250 - Set database path to: C:\Users\stoff\.stmcufinder\plugins\mcufinder//mcu/
2025-04-26 13:54:13,466 [INFO] DbMcusAds:125 - Set database path to: C:\Users\stoff\.stmcufinder\plugins\mcufinder//mcu/
2025-04-26 13:54:13,468 [INFO] CrossReferenceDbSqlite:203 - Set database path to: C:\Users\stoff\.stmcufinder\plugins\mcufinder//mcu/cs/
2025-04-26 13:54:13,543 [INFO] RulesReader:64 - Compatibility file has been processed (302 Rules)
2025-04-26 13:54:13,606 [INFO] DbMcusXml:78 - Set database path to: C:\ST\STM32CubeIDE_1.17.0\STM32CubeIDE\plugins\com.st.stm32cube.common.mx_6.14.1.202504091515\\db\/mcu/
2025-04-26 13:54:13,606 [INFO] ApiDb:274 - Set plugin database path to: C:\ST\STM32CubeIDE_1.17.0\STM32CubeIDE\plugins\com.st.stm32cube.common.mx_6.14.1.202504091515\\db\/plugins/boardmanager/
2025-04-26 13:54:13,606 [INFO] ApiDb:261 - Set plugin images path to: C:\ST\STM32CubeIDE_1.17.0\STM32CubeIDE\plugins\com.st.stm32cube.common.mx_6.14.1.202504091515\\db\/plugins/mcufinder/images/
2025-04-26 13:54:13,607 [WARN] DbFile:41 - Overriding database path with different value: C:\Users\stoff\.stmcufinder\plugins\mcufinder/ => C:\Users\stoff\.stmcufinder\plugins\mcufinder
2025-04-26 13:54:13,607 [INFO] ApiDb:250 - Set database path to: C:\Users\stoff\.stmcufinder\plugins\mcufinder//mcu/
2025-04-26 13:54:13,607 [WARN] DbFile:41 - Overriding database path with different value: C:\Users\stoff\.stmcufinder\plugins\mcufinder/ => C:\Users\stoff\.stmcufinder\plugins\mcufinder
2025-04-26 13:54:13,607 [INFO] DbMcusAds:125 - Set database path to: C:\Users\stoff\.stmcufinder\plugins\mcufinder//mcu/
2025-04-26 13:54:13,607 [WARN] DbFile:41 - Overriding database path with different value: C:\Users\stoff\.stmcufinder\plugins\mcufinder/ => C:\Users\stoff\.stmcufinder\plugins\mcufinder
2025-04-26 13:54:13,607 [WARN] DbFile:41 - Overriding database path with different value: C:\Users\stoff\.stmcufinder\plugins\mcufinder/ => C:\Users\stoff\.stmcufinder\plugins\mcufinder
2025-04-26 13:54:13,607 [INFO] CrossReferenceDbSqlite:203 - Set database path to: C:\Users\stoff\.stmcufinder\plugins\mcufinder//mcu/cs/
2025-04-26 13:54:13,660 [INFO] MainPanel:272 - HeapMemory: 268435456
2025-04-26 13:54:13,732 [INFO] DbMcusXml:78 - Set database path to: C:\ST\STM32CubeIDE_1.17.0\STM32CubeIDE\plugins\com.st.stm32cube.common.mx_6.14.1.202504091515\\db\/mcu/
2025-04-26 13:54:13,732 [INFO] ApiDb:274 - Set plugin database path to: C:\ST\STM32CubeIDE_1.17.0\STM32CubeIDE\plugins\com.st.stm32cube.common.mx_6.14.1.202504091515\\db\/plugins/boardmanager/
2025-04-26 13:54:13,732 [INFO] ApiDb:261 - Set plugin images path to: C:\ST\STM32CubeIDE_1.17.0\STM32CubeIDE\plugins\com.st.stm32cube.common.mx_6.14.1.202504091515\\db\/plugins/mcufinder/images/
2025-04-26 13:54:13,733 [WARN] DbFile:41 - Overriding database path with different value: C:\Users\stoff\.stmcufinder\plugins\mcufinder/ => C:\Users\stoff\.stmcufinder\plugins\mcufinder
2025-04-26 13:54:13,733 [INFO] ApiDb:250 - Set database path to: C:\Users\stoff\.stmcufinder\plugins\mcufinder//mcu/
2025-04-26 13:54:13,733 [WARN] DbFile:41 - Overriding database path with different value: C:\Users\stoff\.stmcufinder\plugins\mcufinder/ => C:\Users\stoff\.stmcufinder\plugins\mcufinder
2025-04-26 13:54:13,733 [INFO] DbMcusAds:125 - Set database path to: C:\Users\stoff\.stmcufinder\plugins\mcufinder//mcu/
2025-04-26 13:54:13,733 [WARN] DbFile:41 - Overriding database path with different value: C:\Users\stoff\.stmcufinder\plugins\mcufinder/ => C:\Users\stoff\.stmcufinder\plugins\mcufinder
2025-04-26 13:54:13,733 [WARN] DbFile:41 - Overriding database path with different value: C:\Users\stoff\.stmcufinder\plugins\mcufinder/ => C:\Users\stoff\.stmcufinder\plugins\mcufinder
2025-04-26 13:54:13,733 [INFO] CrossReferenceDbSqlite:203 - Set database path to: C:\Users\stoff\.stmcufinder\plugins\mcufinder//mcu/cs/
2025-04-26 13:54:13,747 [INFO] ApplicationProperties:184 - Using Application install path: C:\ST\STM32CubeIDE_1.17.0\STM32CubeIDE\plugins\com.st.stm32cube.common.mx_6.14.1.202504091515
2025-04-26 13:54:13,748 [INFO] PluginManage:196 - Search for loadable plugins [exclusion list=, ]
2025-04-26 13:54:13,749 [INFO] PluginManage:310 - Check plugin analytics
2025-04-26 13:54:18,849 [INFO] AnalyticsPlugin:253 - Accepted Software Licenses: 
2025-04-26 13:54:18,849 [INFO] AnalyticsPlugin:255 - Accepted CMSIS Pack Licenses: 
2025-04-26 13:54:18,849 [INFO] AnalyticsPlugin:257 - Accepted Firmware Licenses: 
2025-04-26 13:54:18,851 [INFO] PluginManage:359 - Loaded plugin analytics (category:tool,tabindex:-1)
2025-04-26 13:54:18,851 [INFO] PluginManage:310 - Check plugin cadmodel
2025-04-26 13:54:18,856 [INFO] CADModel:105 - Init CAD model plugin
2025-04-26 13:54:18,856 [INFO] PluginManage:359 - Loaded plugin cadmodel (category:power,tabindex:5)
2025-04-26 13:54:18,856 [INFO] PluginManage:310 - Check plugin clock
2025-04-26 13:54:18,863 [INFO] PluginManage:359 - Loaded plugin clock (category:base,tabindex:2)
2025-04-26 13:54:18,863 [INFO] PluginManage:310 - Check plugin ddr
2025-04-26 13:54:18,865 [INFO] PluginManage:359 - Loaded plugin ddr (category:tool,tabindex:6)
2025-04-26 13:54:18,865 [INFO] PluginManage:310 - Check plugin filemanager
2025-04-26 13:54:18,953 [INFO] PluginManage:359 - Loaded plugin filemanager (category:base,tabindex:10)
2025-04-26 13:54:18,953 [INFO] PluginManage:310 - Check plugin ipmanager
2025-04-26 13:54:18,958 [INFO] PluginManage:359 - Loaded plugin ipmanager (category:base,tabindex:5)
2025-04-26 13:54:18,958 [INFO] PluginManage:310 - Check plugin lpbam
2025-04-26 13:54:18,964 [INFO] PluginManage:359 - Loaded plugin lpbam (category:base,tabindex:0)
2025-04-26 13:54:18,964 [INFO] PluginManage:310 - Check plugin memorymap
2025-04-26 13:54:18,974 [INFO] PluginManage:359 - Loaded plugin memorymap (category:base,tabindex:4)
2025-04-26 13:54:18,974 [INFO] PluginManage:310 - Check plugin pinoutandconfiguration
2025-04-26 13:54:18,980 [INFO] PluginManage:359 - Loaded plugin pinoutandconfiguration (category:base,tabindex:1)
2025-04-26 13:54:18,980 [INFO] PluginManage:310 - Check plugin pinoutconfig
2025-04-26 13:54:19,039 [WARN] SupportedApi:132 - Cannot load RTOS API schema: s4s-elt-must-match.1: The content of 'definitions' must match (annotation?, (simpleType | complexType)?, (unique | key | keyref)*)). A problem was found starting at: attribute.
2025-04-26 13:54:19,123 [INFO] PluginManage:359 - Loaded plugin pinoutconfig (category:base,tabindex:0)
2025-04-26 13:54:19,123 [INFO] PluginManage:310 - Check plugin power
2025-04-26 13:54:19,130 [INFO] PluginManage:359 - Loaded plugin power (category:power,tabindex:4)
2025-04-26 13:54:19,130 [INFO] PluginManage:310 - Check plugin projectmanager
2025-04-26 13:54:19,140 [INFO] PluginManage:359 - Loaded plugin projectmanager (category:projectmanager,tabindex:4)
2025-04-26 13:54:19,140 [INFO] PluginManage:310 - Check plugin rif
2025-04-26 13:54:19,145 [INFO] PluginManage:359 - Loaded plugin rif (category:base,tabindex:3)
2025-04-26 13:54:19,145 [INFO] PluginManage:310 - Check plugin thirdparty
2025-04-26 13:54:19,238 [INFO] PluginManage:359 - Loaded plugin thirdparty (category:base,tabindex:-1)
2025-04-26 13:54:19,238 [WARN] IntegrityCheckThread:84 - waiting for thirdparty lock release [integrity check]
2025-04-26 13:54:19,239 [INFO] PluginManage:310 - Check plugin tools
2025-04-26 13:54:19,239 [INFO] IntegrityCheckThread:86 - entering critical section [integrity check]
2025-04-26 13:54:19,239 [INFO] ThirdPartyUpdaterWithRetryManager:70 - Updater plugin not ready yet. [1/15]
2025-04-26 13:54:19,240 [INFO] PluginManage:359 - Loaded plugin tools (category:base,tabindex:7)
2025-04-26 13:54:19,240 [INFO] PluginManage:310 - Check plugin tutovideos
2025-04-26 13:54:19,347 [INFO] PluginManage:359 - Loaded plugin tutovideos (category:base,tabindex:-1)
2025-04-26 13:54:19,347 [INFO] PluginManage:310 - Check plugin updater
2025-04-26 13:54:19,363 [INFO] PluginManage:359 - Loaded plugin updater (category:base,tabindex:12)
2025-04-26 13:54:19,363 [INFO] PluginManage:310 - Check plugin userauth
2025-04-26 13:54:19,366 [INFO] UserAuth:118 - Init User Auth plugin
2025-04-26 13:54:19,367 [INFO] PluginManage:359 - Loaded plugin userauth (category:base,tabindex:14)
2025-04-26 13:54:19,367 [INFO] PluginManage:283 - PluginManage : Loaded plugins [18]
2025-04-26 13:54:19,492 [INFO] PinOutPanel:1589 - setPackage(No Configuration,No Configuration)
2025-04-26 13:54:19,548 [INFO] CADModel:165 - CPN selected for project level
2025-04-26 13:54:19,548 [INFO] CADModel:114 - Register for checkConnection events
2025-04-26 13:54:19,560 [INFO] IPUIPlugin:80 - create IPUIPlugin
2025-04-26 13:54:19,561 [INFO] PluginManager:220 - loadIPPluginJar : add adc
2025-04-26 13:54:19,562 [INFO] IPUIPlugin:80 - create IPUIPlugin
2025-04-26 13:54:19,563 [INFO] PluginManager:220 - loadIPPluginJar : add aes
2025-04-26 13:54:19,564 [INFO] IPUIPlugin:80 - create IPUIPlugin
2025-04-26 13:54:19,564 [INFO] PluginManager:220 - loadIPPluginJar : add can
2025-04-26 13:54:19,566 [INFO] IPUIPlugin:80 - create IPUIPlugin
2025-04-26 13:54:19,566 [INFO] PluginManager:220 - loadIPPluginJar : add comp
2025-04-26 13:54:19,568 [INFO] IPUIPlugin:80 - create IPUIPlugin
2025-04-26 13:54:19,568 [INFO] PluginManager:220 - loadIPPluginJar : add cryp
2025-04-26 13:54:19,570 [INFO] IPUIPlugin:80 - create IPUIPlugin
2025-04-26 13:54:19,570 [INFO] PluginManager:220 - loadIPPluginJar : add ddr_ctrl_phy
2025-04-26 13:54:19,571 [INFO] IPUIPlugin:80 - create IPUIPlugin
2025-04-26 13:54:19,571 [INFO] PluginManager:220 - loadIPPluginJar : add dfsdm
2025-04-26 13:54:19,575 [INFO] IPUIPlugin:80 - create IPUIPlugin
2025-04-26 13:54:19,575 [INFO] PluginManager:220 - loadIPPluginJar : add dma
2025-04-26 13:54:19,577 [INFO] IPUIPlugin:80 - create IPUIPlugin
2025-04-26 13:54:19,577 [INFO] PluginManager:220 - loadIPPluginJar : add dma3
2025-04-26 13:54:19,578 [INFO] IPUIPlugin:80 - create IPUIPlugin
2025-04-26 13:54:19,578 [INFO] PluginManager:220 - loadIPPluginJar : add extmemmanager
2025-04-26 13:54:19,579 [INFO] IPUIPlugin:80 - create IPUIPlugin
2025-04-26 13:54:19,580 [INFO] PluginManager:220 - loadIPPluginJar : add fatfs
2025-04-26 13:54:19,583 [INFO] IPUIPlugin:80 - create IPUIPlugin
2025-04-26 13:54:19,583 [INFO] PluginManager:220 - loadIPPluginJar : add fmc
2025-04-26 13:54:19,588 [INFO] IPUIPlugin:80 - create IPUIPlugin
2025-04-26 13:54:19,588 [INFO] PluginManager:220 - loadIPPluginJar : add freertos
2025-04-26 13:54:19,589 [INFO] IPUIPlugin:80 - create IPUIPlugin
2025-04-26 13:54:19,589 [INFO] PluginManager:220 - loadIPPluginJar : add genericplugin
2025-04-26 13:54:19,590 [INFO] IPUIPlugin:80 - create IPUIPlugin
2025-04-26 13:54:19,590 [INFO] PluginManager:220 - loadIPPluginJar : add gfxmmu
2025-04-26 13:54:19,593 [INFO] IPUIPlugin:80 - create IPUIPlugin
2025-04-26 13:54:19,593 [INFO] PluginManager:220 - loadIPPluginJar : add gic
2025-04-26 13:54:19,595 [INFO] IPUIPlugin:80 - create IPUIPlugin
2025-04-26 13:54:19,595 [INFO] PluginManager:220 - loadIPPluginJar : add gpio
2025-04-26 13:54:19,597 [INFO] IPUIPlugin:80 - create IPUIPlugin
2025-04-26 13:54:19,597 [INFO] PluginManager:220 - loadIPPluginJar : add gtzc
2025-04-26 13:54:19,598 [INFO] IPUIPlugin:80 - create IPUIPlugin
2025-04-26 13:54:19,598 [INFO] PluginManager:220 - loadIPPluginJar : add hash
2025-04-26 13:54:19,600 [INFO] IPUIPlugin:80 - create IPUIPlugin
2025-04-26 13:54:19,600 [INFO] PluginManager:220 - loadIPPluginJar : add i2c
2025-04-26 13:54:19,601 [INFO] IPUIPlugin:80 - create IPUIPlugin
2025-04-26 13:54:19,601 [INFO] PluginManager:220 - loadIPPluginJar : add i2s
2025-04-26 13:54:19,603 [INFO] IPUIPlugin:80 - create IPUIPlugin
2025-04-26 13:54:19,603 [INFO] PluginManager:220 - loadIPPluginJar : add i3c
2025-04-26 13:54:19,605 [INFO] IPUIPlugin:80 - create IPUIPlugin
2025-04-26 13:54:19,605 [INFO] PluginManager:220 - loadIPPluginJar : add ipddr
2025-04-26 13:54:19,611 [INFO] IPUIPlugin:80 - create IPUIPlugin
2025-04-26 13:54:19,611 [INFO] PluginManager:220 - loadIPPluginJar : add linkedlist
2025-04-26 13:54:19,613 [INFO] IPUIPlugin:80 - create IPUIPlugin
2025-04-26 13:54:19,613 [INFO] PluginManager:220 - loadIPPluginJar : add lorawan
2025-04-26 13:54:19,614 [INFO] IPUIPlugin:80 - create IPUIPlugin
2025-04-26 13:54:19,614 [INFO] PluginManager:220 - loadIPPluginJar : add ltdc
2025-04-26 13:54:19,618 [INFO] IPUIPlugin:80 - create IPUIPlugin
2025-04-26 13:54:19,618 [INFO] PluginManager:220 - loadIPPluginJar : add mdma
2025-04-26 13:54:19,620 [INFO] IPUIPlugin:80 - create IPUIPlugin
2025-04-26 13:54:19,620 [INFO] PluginManager:220 - loadIPPluginJar : add nvic
2025-04-26 13:54:19,622 [INFO] IPUIPlugin:80 - create IPUIPlugin
2025-04-26 13:54:19,622 [INFO] PluginManager:220 - loadIPPluginJar : add opamp
2025-04-26 13:54:19,624 [INFO] IPUIPlugin:80 - create IPUIPlugin
2025-04-26 13:54:19,624 [INFO] PluginManager:220 - loadIPPluginJar : add openamp
2025-04-26 13:54:19,626 [INFO] IPUIPlugin:80 - create IPUIPlugin
2025-04-26 13:54:19,626 [INFO] PluginManager:220 - loadIPPluginJar : add pdm2pcm
2025-04-26 13:54:19,630 [INFO] IPUIPlugin:80 - create IPUIPlugin
2025-04-26 13:54:19,631 [INFO] PluginManager:220 - loadIPPluginJar : add plateformsettings
2025-04-26 13:54:19,632 [INFO] IPUIPlugin:80 - create IPUIPlugin
2025-04-26 13:54:19,632 [INFO] PluginManager:220 - loadIPPluginJar : add quadspi
2025-04-26 13:54:19,633 [INFO] IPUIPlugin:80 - create IPUIPlugin
2025-04-26 13:54:19,634 [INFO] PluginManager:220 - loadIPPluginJar : add radio
2025-04-26 13:54:19,636 [INFO] IPUIPlugin:80 - create IPUIPlugin
2025-04-26 13:54:19,636 [INFO] PluginManager:220 - loadIPPluginJar : add resmgrutility
2025-04-26 13:54:19,638 [INFO] IPUIPlugin:80 - create IPUIPlugin
2025-04-26 13:54:19,639 [INFO] PluginManager:220 - loadIPPluginJar : add sai
2025-04-26 13:54:19,640 [INFO] IPUIPlugin:80 - create IPUIPlugin
2025-04-26 13:54:19,640 [INFO] PluginManager:220 - loadIPPluginJar : add spi
2025-04-26 13:54:19,644 [INFO] IPUIPlugin:80 - create IPUIPlugin
2025-04-26 13:54:19,644 [INFO] PluginManager:220 - loadIPPluginJar : add stm32_wpan
2025-04-26 13:54:19,645 [INFO] IPUIPlugin:80 - create IPUIPlugin
2025-04-26 13:54:19,645 [INFO] PluginManager:220 - loadIPPluginJar : add tim
2025-04-26 13:54:19,647 [INFO] IPUIPlugin:80 - create IPUIPlugin
2025-04-26 13:54:19,647 [INFO] PluginManager:220 - loadIPPluginJar : add touchsensing
2025-04-26 13:54:19,649 [INFO] IPUIPlugin:80 - create IPUIPlugin
2025-04-26 13:54:19,649 [INFO] PluginManager:220 - loadIPPluginJar : add tracer_emb
2025-04-26 13:54:19,650 [INFO] IPUIPlugin:80 - create IPUIPlugin
2025-04-26 13:54:19,650 [INFO] PluginManager:220 - loadIPPluginJar : add ts
2025-04-26 13:54:19,651 [INFO] IPUIPlugin:80 - create IPUIPlugin
2025-04-26 13:54:19,652 [INFO] PluginManager:220 - loadIPPluginJar : add tsc
2025-04-26 13:54:19,653 [INFO] IPUIPlugin:80 - create IPUIPlugin
2025-04-26 13:54:19,653 [INFO] PluginManager:220 - loadIPPluginJar : add ucpd
2025-04-26 13:54:19,654 [INFO] IPUIPlugin:80 - create IPUIPlugin
2025-04-26 13:54:19,654 [INFO] PluginManager:220 - loadIPPluginJar : add usart
2025-04-26 13:54:19,656 [INFO] IPUIPlugin:80 - create IPUIPlugin
2025-04-26 13:54:19,656 [INFO] PluginManager:220 - loadIPPluginJar : add usbx
2025-04-26 13:54:19,761 [FATAL] Updater:351 - Updater called before beeing initialized
2025-04-26 13:54:19,784 [INFO] RulesReader:64 - Compatibility file has been processed (302 Rules)
2025-04-26 13:54:19,805 [INFO] RulesReader:64 - Compatibility file has been processed (302 Rules)
2025-04-26 13:54:19,812 [INFO] CADModel:165 - CPN selected for project level
2025-04-26 13:54:19,812 [INFO] CADModel:114 - Register for checkConnection events
2025-04-26 13:54:19,812 [FATAL] Updater:351 - Updater called before beeing initialized
2025-04-26 13:54:19,813 [ERROR] CADModel:125 - Updater not yet initialized, retry later 
2025-04-26 13:54:19,936 [FATAL] Updater:351 - Updater called before beeing initialized
2025-04-26 13:54:19,938 [INFO] CADModel:165 - CPN selected for project level
2025-04-26 13:54:19,938 [INFO] CADModel:114 - Register for checkConnection events
2025-04-26 13:54:19,938 [FATAL] Updater:351 - Updater called before beeing initialized
2025-04-26 13:54:19,939 [ERROR] CADModel:125 - Updater not yet initialized, retry later 
2025-04-26 13:54:19,941 [FATAL] Updater:351 - Updater called before beeing initialized
2025-04-26 13:54:19,999 [FATAL] Updater:351 - Updater called before beeing initialized
2025-04-26 13:54:20,001 [INFO] DbMcusAds:53 - JSON generation date=Thu Mar 06 15:54:22 CET 2025 (1741272862204)
2025-04-26 13:54:20,001 [FATAL] Updater:351 - Updater called before beeing initialized
2025-04-26 13:54:20,025 [WARN] DetailPanel:346 - Failed to get advertising image, set to default
2025-04-26 13:54:20,153 [FATAL] Updater:351 - Updater called before beeing initialized
2025-04-26 13:54:20,155 [FATAL] Updater:351 - Updater called before beeing initialized
2025-04-26 13:54:20,155 [FATAL] Updater:351 - Updater called before beeing initialized
2025-04-26 13:54:20,155 [WARN] DetailPanel:346 - Failed to get advertising image, set to default
2025-04-26 13:54:20,156 [FATAL] Updater:351 - Updater called before beeing initialized
2025-04-26 13:54:20,187 [ERROR] Updater:1198 - MainUpdater not yet initialized. External WinMGr cannot be set.
2025-04-26 13:54:20,188 [INFO] Updater:1134 - Updater Version found : 6.14.1
2025-04-26 13:54:20,199 [INFO] ApplicationProperties:184 - Using Application install path: C:\ST\STM32CubeIDE_1.17.0\STM32CubeIDE\plugins\com.st.stm32cube.common.mx_6.14.1.202504091515
2025-04-26 13:54:21,768 [ERROR] LogOutputStream:75 - [STDERR_REDIRECT] Apr 26, 2025 1:54:21 PM java.util.prefs.WindowsPreferences <init>
2025-04-26 13:54:21,769 [ERROR] LogOutputStream:75 - [STDERR_REDIRECT] WARNING: Could not open/create prefs root node Software\JavaSoft\Prefs at root 0xffffffff80000002. Windows RegCreateKeyEx(...) returned error code 5.
2025-04-26 13:54:21,769 [ERROR] LogOutputStream:75 - [STDERR_REDIRECT] 
2025-04-26 13:54:22,239 [INFO] ThirdPartyUpdaterWithRetryManager:70 - Updater plugin not ready yet. [2/15]
2025-04-26 13:54:22,355 [INFO] MainUpdater:2872 - connection check result : 10
2025-04-26 13:54:22,356 [INFO] MainUpdater:289 - Updater Check For Update Now.
2025-04-26 13:54:22,356 [INFO] MicroXplorer:498 - Change Database Version : DB.6.0.141
2025-04-26 13:54:22,360 [INFO] McuFinderGlobals:63 - Set McuFinder mode to 2 (CubeIDE integrated)
2025-04-26 13:54:22,361 [INFO] UserAuth:484 - Internet connection configuration mode: 1
2025-04-26 13:54:22,386 [INFO] JxBrowserEngine:152 - Initiate JxBrowser Engine with user profile folder
2025-04-26 13:54:22,506 [INFO] CheckServerUpdateThread:120 - End of CheckServer Thread
2025-04-26 13:54:23,052 [INFO] WebApp:169 - Instantiating new browser for Auth
2025-04-26 13:54:23,508 [INFO] WebApp:463 - Apply proxy settings
2025-04-26 13:54:23,508 [INFO] WebApp:548 - Chromium requires no authentication
2025-04-26 13:54:23,515 [INFO] WebApp:491 - Direct internet connection detected
2025-04-26 13:54:23,530 [INFO] WebApp:894 - Register for checkConnection events
2025-04-26 13:54:23,531 [INFO] WebApp:463 - Apply proxy settings
2025-04-26 13:54:23,531 [INFO] WebApp:548 - Chromium requires no authentication
2025-04-26 13:54:23,531 [INFO] WebApp:491 - Direct internet connection detected
2025-04-26 13:54:23,642 [INFO] WebApp:225 - Starting web application
2025-04-26 13:54:23,642 [INFO] WebApp:593 - Web application path used C:\ST\STM32CubeIDE_1.17.0\STM32CubeIDE\plugins\com.st.stm32cube.common.mx_6.14.1.202504091515\db\plugins\mcufinder\reactClient1\index.html
2025-04-26 13:54:23,649 [INFO] WebApp:191 - Connection restablished
2025-04-26 13:54:23,702 [INFO] UserAuth:484 - Internet connection configuration mode: 1
2025-04-26 13:54:25,382 [WARN] PackLoader:240 - Cannot read IP mode file for STMicroelectronics.FP-SNS-MOTENVWB1.1.4.0
2025-04-26 13:54:25,387 [WARN] PackLoader:240 - Cannot read IP mode file for STMicroelectronics.FP-ATR-ASTRA1.2.0.2
2025-04-26 13:54:25,391 [WARN] PackLoader:240 - Cannot read IP mode file for STMicroelectronics.FP-ATR-ASTRA1.2.0.1
2025-04-26 13:54:25,396 [WARN] PackLoader:240 - Cannot read IP mode file for STMicroelectronics.X-CUBE-SMBUS.2.1.0
2025-04-26 13:54:25,403 [WARN] PackLoader:240 - Cannot read IP mode file for STMicroelectronics.X-CUBE-WB05N.1.1.0
2025-04-26 13:54:25,418 [WARN] PackLoader:240 - Cannot read IP mode file for STMicroelectronics.X-CUBE-AZRTOS-F7.1.1.0
2025-04-26 13:54:25,425 [WARN] PackLoader:240 - Cannot read IP mode file for STMicroelectronics.FP-SNS-FLIGHT1.5.0.2
2025-04-26 13:54:25,438 [WARN] PackLoader:240 - Cannot read IP mode file for Infineon.AIROC-Wi-Fi-Bluetooth-STM32.1.7.0
2025-04-26 13:54:25,446 [WARN] PackLoader:240 - Cannot read IP mode file for STMicroelectronics.X-CUBE-DISPLAY.3.0.0
2025-04-26 13:54:25,452 [WARN] PackLoader:240 - Cannot read IP mode file for STMicroelectronics.X-CUBE-BLE1.7.0.0
2025-04-26 13:54:25,455 [WARN] PackLoader:240 - Cannot read IP mode file for STMicroelectronics.X-CUBE-NFC10.1.0.0
2025-04-26 13:54:25,460 [WARN] PackLoader:240 - Cannot read IP mode file for STMicroelectronics.X-CUBE-BLEMGR.4.0.0
2025-04-26 13:54:25,465 [WARN] PackLoader:240 - Cannot read IP mode file for emotas.I-CUBE-CANOPEN.1.3.0
2025-04-26 13:54:25,468 [WARN] PackLoader:240 - Cannot read IP mode file for STMicroelectronics.X-CUBE-AI.10.0.0
2025-04-26 13:54:25,471 [WARN] PackLoader:240 - Cannot read IP mode file for STMicroelectronics.FP-SNS-SMARTAG2.1.2.0
2025-04-26 13:54:25,474 [WARN] PackLoader:240 - Cannot read IP mode file for STMicroelectronics.FP-SNS-FLIGHT1.5.1.0
2025-04-26 13:54:25,507 [WARN] PackLoader:240 - Cannot read IP mode file for STMicroelectronics.X-CUBE-MEMS1.11.1.0
2025-04-26 13:54:25,575 [INFO] LogOutputStream:77 - [STDOUT_REDIRECT] 1 : Invalid condition id : UX_CORESTACK_Condition cause : null
2025-04-26 13:54:25,576 [INFO] LogOutputStream:77 - [STDOUT_REDIRECT] 1 : Invalid condition id : UX_CORESTACK_Condition cause : null
2025-04-26 13:54:25,577 [INFO] LogOutputStream:77 - [STDOUT_REDIRECT] 1 : Invalid condition id : UX_CORESTACK_Condition cause : null
2025-04-26 13:54:25,577 [INFO] LogOutputStream:77 - [STDOUT_REDIRECT] 1 : Invalid condition id : UX_CORESTACK_Condition cause : null
2025-04-26 13:54:25,578 [INFO] LogOutputStream:77 - [STDOUT_REDIRECT] 1 : Invalid condition id : UX_CORESTACK_Condition cause : null
2025-04-26 13:54:25,579 [WARN] PackLoader:240 - Cannot read IP mode file for STMicroelectronics.X-CUBE-AZRTOS-WL.2.0.0
2025-04-26 13:54:25,583 [WARN] PackLoader:240 - Cannot read IP mode file for STMicroelectronics.FP-SNS-MOTENV1.5.0.0
2025-04-26 13:54:25,591 [WARN] PackLoader:240 - Cannot read IP mode file for wolfSSL.I-CUBE-wolfMQTT.1.19.0
2025-04-26 13:54:25,600 [WARN] PackLoader:240 - Cannot read IP mode file for WES.I-CUBE-Cesium.1.3.0
2025-04-26 13:54:25,623 [WARN] PackLoader:240 - Cannot read IP mode file for STMicroelectronics.X-CUBE-BLE2.3.3.0
2025-04-26 13:54:25,629 [WARN] PackLoader:240 - Cannot read IP mode file for STMicroelectronics.X-CUBE-NFC9.1.0.0
2025-04-26 13:54:25,633 [WARN] PackLoader:240 - Cannot read IP mode file for STMicroelectronics.X-CUBE-BLE1.7.1.0
2025-04-26 13:54:25,648 [WARN] PackLoader:240 - Cannot read IP mode file for STMicroelectronics.X-CUBE-MEMS1.11.2.0
2025-04-26 13:54:25,701 [WARN] PackLoader:240 - Cannot read IP mode file for STMicroelectronics.X-CUBE-AZRTOS-G0.1.1.0
2025-04-26 13:54:25,706 [WARN] PackLoader:240 - Cannot read IP mode file for STMicroelectronics.X-CUBE-SAFEA1.1.2.2
2025-04-26 13:54:25,711 [WARN] PackLoader:240 - Cannot read IP mode file for STMicroelectronics.X-CUBE-NFC4.3.0.0
2025-04-26 13:54:25,719 [WARN] PackLoader:240 - Cannot read IP mode file for EmbeddedOffice.I-CUBE-FS-RTOS.1.0.1
2025-04-26 13:54:25,722 [WARN] PackLoader:240 - Cannot read IP mode file for STMicroelectronics.X-CUBE-WB05N.2.0.0
2025-04-26 13:54:25,726 [WARN] PackLoader:240 - Cannot read IP mode file for STMicroelectronics.X-CUBE-TCPP.4.2.0
2025-04-26 13:54:25,731 [WARN] PackLoader:240 - Cannot read IP mode file for RealThread.X-CUBE-RT-Thread_Nano.4.1.1
2025-04-26 13:54:25,733 [WARN] PackLoader:240 - Cannot read IP mode file for STMicroelectronics.FP-ATR-SIGFOX1.3.2.0
2025-04-26 13:54:25,736 [WARN] ConditionMgr:438 - getConditionDescription Invalid condition id : Cortex-A Device cause : null
2025-04-26 13:54:25,746 [WARN] ConditionMgr:1044 - genDependencies : Invalid condition id : Cortex-A Device cause : null
2025-04-26 13:54:25,746 [WARN] ConditionMgr:1044 - genDependencies : Invalid condition id : Cortex-A Device cause : null
2025-04-26 13:54:25,746 [WARN] ConditionMgr:1044 - genDependencies : Invalid condition id : Cortex-A Device cause : null
2025-04-26 13:54:25,749 [WARN] PackLoader:240 - Cannot read IP mode file for STMicroelectronics.X-CUBE-EEPRMA1.5.1.0
2025-04-26 13:54:25,752 [WARN] PackLoader:240 - Cannot read IP mode file for wolfSSL.I-CUBE-wolfSSL.5.7.4
2025-04-26 13:54:25,755 [WARN] PackLoader:240 - Cannot read IP mode file for ITTIA_DB.I-CUBE-ITTIADB.8.9.0
2025-04-26 13:54:25,765 [WARN] PackLoader:240 - Cannot read IP mode file for SEGGER.I-CUBE-embOS.1.3.1
2025-04-26 13:54:25,778 [WARN] PackLoader:240 - Cannot read IP mode file for STMicroelectronics.X-CUBE-ALGOBUILD.1.4.0
2025-04-26 13:54:25,781 [WARN] PackLoader:240 - Cannot read IP mode file for STMicroelectronics.X-CUBE-AI.9.1.0
2025-04-26 13:54:25,792 [WARN] PackLoader:240 - Cannot read IP mode file for STMicroelectronics.X-CUBE-AZRTOS-F4.1.1.0
2025-04-26 13:54:25,795 [WARN] PackLoader:240 - Cannot read IP mode file for Avnet-IotConnect.X-CUBE-IoTC-DA16k-PMOD.1.0.0
2025-04-26 13:54:25,797 [WARN] PackLoader:240 - Cannot read IP mode file for STMicroelectronics.X-CUBE-ISPU.2.1.0
2025-04-26 13:54:25,804 [WARN] PackLoader:240 - Cannot read IP mode file for STMicroelectronics.X-CUBE-AZRTOS-L5.2.0.0
2025-04-26 13:54:25,809 [WARN] PackLoader:240 - Cannot read IP mode file for STMicroelectronics.X-CUBE-NFC6.3.1.0
2025-04-26 13:54:25,812 [WARN] PackLoader:240 - Cannot read IP mode file for STMicroelectronics.X-CUBE-DPower.1.2.0
2025-04-26 13:54:25,814 [WARN] PackLoader:240 - Cannot read IP mode file for STMicroelectronics.X-CUBE-FREERTOS.1.3.0
2025-04-26 13:54:25,817 [WARN] PackLoader:240 - Cannot read IP mode file for STMicroelectronics.X-CUBE-NFC7.1.0.1
2025-04-26 13:54:25,820 [WARN] PackLoader:240 - Cannot read IP mode file for STMicroelectronics.X-CUBE-DPower.1.3.0
2025-04-26 13:54:25,827 [WARN] ConditionMgr:438 - getConditionDescription Invalid condition id : LAN8742 Phy interface Condition cause : null
2025-04-26 13:54:25,827 [WARN] PackLoader:240 - Cannot read IP mode file for STMicroelectronics.X-CUBE-AZRTOS-L4.2.0.0
2025-04-26 13:54:25,827 [WARN] ConditionMgr:1044 - genDependencies : Invalid condition id : LAN8742 Phy interface Condition cause : null
2025-04-26 13:54:25,827 [WARN] ConditionMgr:1044 - genDependencies : Invalid condition id : LAN8742 Phy interface Condition cause : null
2025-04-26 13:54:25,827 [WARN] ConditionMgr:1044 - genDependencies : Invalid condition id : LAN8742 Phy interface Condition cause : null
2025-04-26 13:54:25,831 [WARN] PackLoader:240 - Cannot read IP mode file for STMicroelectronics.X-CUBE-SFXS2LP1.4.0.0
2025-04-26 13:54:25,839 [WARN] PackLoader:240 - Cannot read IP mode file for STMicroelectronics.X-CUBE-AZRTOS-H7.3.3.0
2025-04-26 13:54:25,844 [WARN] PackLoader:240 - Cannot read IP mode file for STMicroelectronics.X-CUBE-IPS.3.0.0
2025-04-26 13:54:25,851 [WARN] ConditionMgr:438 - getConditionDescription Invalid condition id : UX DEVICE CLASS RTOS Condition cause : null
2025-04-26 13:54:25,851 [WARN] ConditionMgr:438 - getConditionDescription Invalid condition id : UX DEVICE CLASS RTOS Condition cause : null
2025-04-26 13:54:25,852 [WARN] PackLoader:240 - Cannot read IP mode file for STMicroelectronics.X-CUBE-AZRTOS-WB.2.0.0
2025-04-26 13:54:25,852 [WARN] ConditionMgr:1044 - genDependencies : Invalid condition id : UX DEVICE CLASS RTOS Condition cause : null
2025-04-26 13:54:25,852 [WARN] ConditionMgr:1044 - genDependencies : Invalid condition id : UX DEVICE CLASS RTOS Condition cause : null
2025-04-26 13:54:25,853 [WARN] ConditionMgr:1044 - genDependencies : Invalid condition id : UX DEVICE CLASS RTOS Condition cause : null
2025-04-26 13:54:25,853 [WARN] ConditionMgr:1044 - genDependencies : Invalid condition id : UX DEVICE CLASS RTOS Condition cause : null
2025-04-26 13:54:25,853 [WARN] ConditionMgr:1044 - genDependencies : Invalid condition id : UX DEVICE CLASS RTOS Condition cause : null
2025-04-26 13:54:25,857 [WARN] PackLoader:240 - Cannot read IP mode file for STMicroelectronics.X-CUBE-GNSS1.7.0.1
2025-04-26 13:54:25,861 [WARN] PackLoader:240 - Cannot read IP mode file for STMicroelectronics.X-CUBE-TOUCHGFX.4.25.0
2025-04-26 13:54:25,865 [WARN] PackLoader:240 - Cannot read IP mode file for STMicroelectronics.FP-SNS-STBOX1.2.0.0
2025-04-26 13:54:25,870 [WARN] PackLoader:240 - Cannot read IP mode file for STMicroelectronics.X-CUBE-SUBG2.5.0.0
2025-04-26 13:54:25,878 [WARN] PackLoader:240 - Cannot read IP mode file for STMicroelectronics.X-CUBE-AZRTOS-H7RS.1.1.0
2025-04-26 13:54:25,887 [WARN] PackLoader:240 - Cannot read IP mode file for Cesanta.I-CUBE-Mongoose.7.13.0
2025-04-26 13:54:25,894 [WARN] PackLoader:240 - Cannot read IP mode file for STMicroelectronics.X-CUBE-AZRTOS-G4.2.0.0
2025-04-26 13:54:25,909 [WARN] PackLoader:240 - Cannot read IP mode file for STMicroelectronics.X-CUBE-IPS.3.1.0
2025-04-26 13:54:25,916 [WARN] PackLoader:240 - Cannot read IP mode file for STMicroelectronics.X-CUBE-ALS.1.0.2
2025-04-26 13:54:25,919 [WARN] PackLoader:240 - Cannot read IP mode file for STMicroelectronics.X-CUBE-TOUCHGFX.4.24.2
2025-04-26 13:54:25,922 [WARN] PackLoader:240 - Cannot read IP mode file for STMicroelectronics.X-CUBE-TOUCHGFX.4.24.1
2025-04-26 13:54:25,924 [WARN] PackLoader:240 - Cannot read IP mode file for wolfSSL.I-CUBE-wolfTPM.3.4.0
2025-04-26 13:54:25,928 [WARN] PackLoader:240 - Cannot read IP mode file for portGmbH.I-Cube-SoM-uGOAL.1.1.0
2025-04-26 13:54:25,936 [WARN] PackLoader:240 - Cannot read IP mode file for STMicroelectronics.X-CUBE-AZRTOS-H7RS.1.0.0
2025-04-26 13:54:25,943 [WARN] PackLoader:240 - Cannot read IP mode file for STMicroelectronics.X-CUBE-TOF1.3.4.2
2025-04-26 13:54:25,951 [WARN] PackLoader:240 - Cannot read IP mode file for STMicroelectronics.X-CUBE-TOF1.3.4.3
2025-04-26 13:54:25,957 [WARN] PackLoader:240 - Cannot read IP mode file for wolfSSL.I-CUBE-wolfSSH.1.4.17
2025-04-26 13:54:25,958 [INFO] ThirdParty:978 - Integrity check success = true
2025-04-26 13:54:25,958 [INFO] IntegrityCheckThread:100 - exiting critical section [integrity check]
2025-04-26 13:54:25,958 [INFO] IntegrityCheckThread:103 - End integrity checks thread
2025-04-26 14:22:44,567 [INFO] WebApp:403 - JxBrowser engine has been closed 
2025-04-26 14:22:46,968 [ERROR] LogOutputStream:75 - [STDERR_REDIRECT] [Fatal Error] :1:1: Premature end of file.
2025-04-26 14:22:46,968 [ERROR] LogOutputStream:75 - [STDERR_REDIRECT] 
2025-04-26 14:22:47,963 [ERROR] LogOutputStream:75 - [STDERR_REDIRECT] [Fatal Error] :1:1: Premature end of file.
2025-04-26 14:22:47,963 [ERROR] LogOutputStream:75 - [STDERR_REDIRECT] 
2025-04-26 14:22:48,963 [ERROR] LogOutputStream:75 - [STDERR_REDIRECT] [Fatal Error] :1:1: Premature end of file.
2025-04-26 14:22:48,963 [ERROR] LogOutputStream:75 - [STDERR_REDIRECT] 
2025-04-26 14:22:49,962 [ERROR] LogOutputStream:75 - [STDERR_REDIRECT] [Fatal Error] :1:1: Premature end of file.
2025-04-26 14:22:49,962 [ERROR] LogOutputStream:75 - [STDERR_REDIRECT] 
2025-04-26 14:22:50,961 [ERROR] LogOutputStream:75 - [STDERR_REDIRECT] [Fatal Error] :1:1: Premature end of file.
2025-04-26 14:22:50,961 [ERROR] LogOutputStream:75 - [STDERR_REDIRECT] 
2025-04-26 14:22:51,962 [ERROR] LogOutputStream:75 - [STDERR_REDIRECT] [Fatal Error] :1:1: Premature end of file.
2025-04-26 14:22:51,962 [ERROR] LogOutputStream:75 - [STDERR_REDIRECT] 
2025-04-26 14:22:52,961 [ERROR] LogOutputStream:75 - [STDERR_REDIRECT] [Fatal Error] :1:1: Premature end of file.
2025-04-26 14:22:52,962 [ERROR] LogOutputStream:75 - [STDERR_REDIRECT] 
2025-04-26 14:22:53,961 [ERROR] LogOutputStream:75 - [STDERR_REDIRECT] [Fatal Error] :1:1: Premature end of file.
2025-04-26 14:22:53,961 [ERROR] LogOutputStream:75 - [STDERR_REDIRECT] 
2025-04-26 14:22:54,963 [ERROR] LogOutputStream:75 - [STDERR_REDIRECT] [Fatal Error] :1:1: Premature end of file.
2025-04-26 14:22:54,963 [ERROR] LogOutputStream:75 - [STDERR_REDIRECT] 
2025-04-26 14:22:55,962 [ERROR] LogOutputStream:75 - [STDERR_REDIRECT] [Fatal Error] :1:1: Premature end of file.
2025-04-26 14:22:55,962 [ERROR] LogOutputStream:75 - [STDERR_REDIRECT] 
2025-04-26 14:22:56,961 [ERROR] LogOutputStream:75 - [STDERR_REDIRECT] [Fatal Error] :1:1: Premature end of file.
2025-04-26 14:22:56,961 [ERROR] LogOutputStream:75 - [STDERR_REDIRECT] 
2025-04-26 14:22:57,961 [ERROR] LogOutputStream:75 - [STDERR_REDIRECT] [Fatal Error] :1:1: Premature end of file.
2025-04-26 14:22:57,962 [ERROR] LogOutputStream:75 - [STDERR_REDIRECT] 
2025-04-26 14:22:58,962 [ERROR] LogOutputStream:75 - [STDERR_REDIRECT] [Fatal Error] :1:1: Premature end of file.
2025-04-26 14:22:58,963 [ERROR] LogOutputStream:75 - [STDERR_REDIRECT] 
2025-04-26 14:22:59,961 [ERROR] LogOutputStream:75 - [STDERR_REDIRECT] [Fatal Error] :1:1: Premature end of file.
2025-04-26 14:22:59,962 [ERROR] LogOutputStream:75 - [STDERR_REDIRECT] 
2025-04-26 14:23:00,962 [ERROR] LogOutputStream:75 - [STDERR_REDIRECT] [Fatal Error] :1:1: Premature end of file.
2025-04-26 14:23:00,962 [ERROR] LogOutputStream:75 - [STDERR_REDIRECT] 
2025-04-26 14:23:01,962 [ERROR] LogOutputStream:75 - [STDERR_REDIRECT] [Fatal Error] :1:1: Premature end of file.
2025-04-26 14:23:01,963 [ERROR] LogOutputStream:75 - [STDERR_REDIRECT] 
2025-04-26 14:23:02,962 [ERROR] LogOutputStream:75 - [STDERR_REDIRECT] [Fatal Error] :1:1: Premature end of file.
2025-04-26 14:23:02,962 [ERROR] LogOutputStream:75 - [STDERR_REDIRECT] 
2025-04-26 14:23:03,962 [ERROR] LogOutputStream:75 - [STDERR_REDIRECT] [Fatal Error] :1:1: Premature end of file.
2025-04-26 14:23:03,962 [ERROR] LogOutputStream:75 - [STDERR_REDIRECT] 
2025-04-26 14:23:04,962 [ERROR] LogOutputStream:75 - [STDERR_REDIRECT] [Fatal Error] :1:1: Premature end of file.
2025-04-26 14:23:04,962 [ERROR] LogOutputStream:75 - [STDERR_REDIRECT] 
2025-04-26 14:23:05,961 [ERROR] LogOutputStream:75 - [STDERR_REDIRECT] [Fatal Error] :1:1: Premature end of file.
2025-04-26 14:23:05,962 [ERROR] LogOutputStream:75 - [STDERR_REDIRECT] 
2025-04-26 14:23:06,962 [ERROR] LogOutputStream:75 - [STDERR_REDIRECT] [Fatal Error] :1:1: Premature end of file.
2025-04-26 14:23:06,962 [ERROR] LogOutputStream:75 - [STDERR_REDIRECT] 
2025-04-26 14:23:07,962 [ERROR] LogOutputStream:75 - [STDERR_REDIRECT] [Fatal Error] :1:1: Premature end of file.
2025-04-26 14:23:07,962 [ERROR] LogOutputStream:75 - [STDERR_REDIRECT] 
2025-04-26 14:23:08,962 [ERROR] LogOutputStream:75 - [STDERR_REDIRECT] [Fatal Error] :1:1: Premature end of file.
2025-04-26 14:23:08,962 [ERROR] LogOutputStream:75 - [STDERR_REDIRECT] 
2025-04-26 14:23:09,961 [ERROR] LogOutputStream:75 - [STDERR_REDIRECT] [Fatal Error] :1:1: Premature end of file.
2025-04-26 14:23:09,961 [ERROR] LogOutputStream:75 - [STDERR_REDIRECT] 
2025-04-26 14:23:10,962 [ERROR] LogOutputStream:75 - [STDERR_REDIRECT] [Fatal Error] :1:1: Premature end of file.
2025-04-26 14:23:10,962 [ERROR] LogOutputStream:75 - [STDERR_REDIRECT] 
2025-04-26 14:23:11,961 [ERROR] LogOutputStream:75 - [STDERR_REDIRECT] [Fatal Error] :1:1: Premature end of file.
2025-04-26 14:23:11,962 [ERROR] LogOutputStream:75 - [STDERR_REDIRECT] 
2025-04-26 14:23:12,962 [ERROR] LogOutputStream:75 - [STDERR_REDIRECT] [Fatal Error] :1:1: Premature end of file.
2025-04-26 14:23:12,963 [ERROR] LogOutputStream:75 - [STDERR_REDIRECT] 
2025-04-26 14:23:13,962 [ERROR] LogOutputStream:75 - [STDERR_REDIRECT] [Fatal Error] :1:1: Premature end of file.
2025-04-26 14:23:13,962 [ERROR] LogOutputStream:75 - [STDERR_REDIRECT] 
2025-04-26 14:23:14,963 [ERROR] LogOutputStream:75 - [STDERR_REDIRECT] [Fatal Error] :1:1: Premature end of file.
2025-04-26 14:23:14,963 [ERROR] LogOutputStream:75 - [STDERR_REDIRECT] 
2025-04-26 14:23:15,960 [ERROR] LogOutputStream:75 - [STDERR_REDIRECT] [Fatal Error] :1:1: Premature end of file.
2025-04-26 14:23:15,960 [ERROR] LogOutputStream:75 - [STDERR_REDIRECT] 
2025-04-26 14:23:16,963 [ERROR] LogOutputStream:75 - [STDERR_REDIRECT] [Fatal Error] :1:1: Premature end of file.
2025-04-26 14:23:16,963 [ERROR] LogOutputStream:75 - [STDERR_REDIRECT] 
2025-04-26 14:23:17,961 [ERROR] LogOutputStream:75 - [STDERR_REDIRECT] [Fatal Error] :1:1: Premature end of file.
2025-04-26 14:23:17,961 [ERROR] LogOutputStream:75 - [STDERR_REDIRECT] 
2025-04-26 14:23:18,962 [ERROR] LogOutputStream:75 - [STDERR_REDIRECT] [Fatal Error] :1:1: Premature end of file.
2025-04-26 14:23:18,962 [ERROR] LogOutputStream:75 - [STDERR_REDIRECT] 
2025-04-26 14:23:19,961 [ERROR] LogOutputStream:75 - [STDERR_REDIRECT] [Fatal Error] :1:1: Premature end of file.
2025-04-26 14:23:19,961 [ERROR] LogOutputStream:75 - [STDERR_REDIRECT] 
2025-04-26 14:23:20,962 [ERROR] LogOutputStream:75 - [STDERR_REDIRECT] [Fatal Error] :1:1: Premature end of file.
2025-04-26 14:23:20,962 [ERROR] LogOutputStream:75 - [STDERR_REDIRECT] 
2025-04-26 14:23:21,961 [ERROR] LogOutputStream:75 - [STDERR_REDIRECT] [Fatal Error] :1:1: Premature end of file.
2025-04-26 14:23:21,961 [ERROR] LogOutputStream:75 - [STDERR_REDIRECT] 
2025-04-26 14:23:22,962 [ERROR] LogOutputStream:75 - [STDERR_REDIRECT] [Fatal Error] :1:1: Premature end of file.
2025-04-26 14:23:22,963 [ERROR] LogOutputStream:75 - [STDERR_REDIRECT] 
2025-04-26 14:23:23,961 [ERROR] LogOutputStream:75 - [STDERR_REDIRECT] [Fatal Error] :1:1: Premature end of file.
2025-04-26 14:23:23,961 [ERROR] LogOutputStream:75 - [STDERR_REDIRECT] 
2025-04-26 14:23:24,962 [ERROR] LogOutputStream:75 - [STDERR_REDIRECT] [Fatal Error] :1:1: Premature end of file.
2025-04-26 14:23:24,962 [ERROR] LogOutputStream:75 - [STDERR_REDIRECT] 
2025-04-26 14:23:25,960 [ERROR] LogOutputStream:75 - [STDERR_REDIRECT] [Fatal Error] :1:1: Premature end of file.
2025-04-26 14:23:25,960 [ERROR] LogOutputStream:75 - [STDERR_REDIRECT] 
2025-04-26 14:23:26,962 [ERROR] LogOutputStream:75 - [STDERR_REDIRECT] [Fatal Error] :1:1: Premature end of file.
2025-04-26 14:23:26,963 [ERROR] LogOutputStream:75 - [STDERR_REDIRECT] 
2025-04-26 14:23:27,962 [ERROR] LogOutputStream:75 - [STDERR_REDIRECT] [Fatal Error] :1:1: Premature end of file.
2025-04-26 14:23:27,962 [ERROR] LogOutputStream:75 - [STDERR_REDIRECT] 
2025-04-26 14:23:28,961 [ERROR] LogOutputStream:75 - [STDERR_REDIRECT] [Fatal Error] :1:1: Premature end of file.
2025-04-26 14:23:28,961 [ERROR] LogOutputStream:75 - [STDERR_REDIRECT] 
2025-04-26 14:23:29,962 [ERROR] LogOutputStream:75 - [STDERR_REDIRECT] [Fatal Error] :1:1: Premature end of file.
2025-04-26 14:23:29,962 [ERROR] LogOutputStream:75 - [STDERR_REDIRECT] 
2025-04-26 14:23:30,962 [ERROR] LogOutputStream:75 - [STDERR_REDIRECT] [Fatal Error] :1:1: Premature end of file.
2025-04-26 14:23:30,962 [ERROR] LogOutputStream:75 - [STDERR_REDIRECT] 
2025-04-26 14:23:31,963 [ERROR] LogOutputStream:75 - [STDERR_REDIRECT] [Fatal Error] :1:1: Premature end of file.
2025-04-26 14:23:31,963 [ERROR] LogOutputStream:75 - [STDERR_REDIRECT] 
2025-04-26 14:23:32,962 [ERROR] LogOutputStream:75 - [STDERR_REDIRECT] [Fatal Error] :1:1: Premature end of file.
2025-04-26 14:23:32,962 [ERROR] LogOutputStream:75 - [STDERR_REDIRECT] 
2025-04-26 14:23:33,963 [ERROR] LogOutputStream:75 - [STDERR_REDIRECT] [Fatal Error] :1:1: Premature end of file.
2025-04-26 14:23:33,963 [ERROR] LogOutputStream:75 - [STDERR_REDIRECT] 
2025-04-26 14:23:34,962 [ERROR] LogOutputStream:75 - [STDERR_REDIRECT] [Fatal Error] :1:1: Premature end of file.
2025-04-26 14:23:34,962 [ERROR] LogOutputStream:75 - [STDERR_REDIRECT] 
2025-04-26 14:23:35,961 [ERROR] LogOutputStream:75 - [STDERR_REDIRECT] [Fatal Error] :1:1: Premature end of file.
2025-04-26 14:23:35,962 [ERROR] LogOutputStream:75 - [STDERR_REDIRECT] 
2025-04-26 14:23:36,962 [ERROR] LogOutputStream:75 - [STDERR_REDIRECT] [Fatal Error] :1:1: Premature end of file.
2025-04-26 14:23:36,962 [ERROR] LogOutputStream:75 - [STDERR_REDIRECT] 
2025-04-26 14:23:37,962 [ERROR] LogOutputStream:75 - [STDERR_REDIRECT] [Fatal Error] :1:1: Premature end of file.
2025-04-26 14:23:37,962 [ERROR] LogOutputStream:75 - [STDERR_REDIRECT] 
2025-04-26 14:23:38,962 [ERROR] LogOutputStream:75 - [STDERR_REDIRECT] [Fatal Error] :1:1: Premature end of file.
2025-04-26 14:23:38,962 [ERROR] LogOutputStream:75 - [STDERR_REDIRECT] 
2025-04-26 14:23:39,960 [ERROR] LogOutputStream:75 - [STDERR_REDIRECT] [Fatal Error] :1:1: Premature end of file.
2025-04-26 14:23:39,960 [ERROR] LogOutputStream:75 - [STDERR_REDIRECT] 
2025-04-26 14:23:40,961 [ERROR] LogOutputStream:75 - [STDERR_REDIRECT] [Fatal Error] :1:1: Premature end of file.
2025-04-26 14:23:40,961 [ERROR] LogOutputStream:75 - [STDERR_REDIRECT] 
2025-04-26 14:23:41,962 [ERROR] LogOutputStream:75 - [STDERR_REDIRECT] [Fatal Error] :1:1: Premature end of file.
2025-04-26 14:23:41,963 [ERROR] LogOutputStream:75 - [STDERR_REDIRECT] 
2025-04-26 14:23:42,961 [ERROR] LogOutputStream:75 - [STDERR_REDIRECT] [Fatal Error] :1:1: Premature end of file.
2025-04-26 14:23:42,962 [ERROR] LogOutputStream:75 - [STDERR_REDIRECT] 
2025-04-26 14:23:43,961 [ERROR] LogOutputStream:75 - [STDERR_REDIRECT] [Fatal Error] :1:1: Premature end of file.
2025-04-26 14:23:43,961 [ERROR] LogOutputStream:75 - [STDERR_REDIRECT] 
2025-04-26 14:23:44,961 [ERROR] LogOutputStream:75 - [STDERR_REDIRECT] [Fatal Error] :1:1: Premature end of file.
2025-04-26 14:23:44,962 [ERROR] LogOutputStream:75 - [STDERR_REDIRECT] 
2025-04-26 14:23:45,960 [ERROR] LogOutputStream:75 - [STDERR_REDIRECT] [Fatal Error] :1:1: Premature end of file.
2025-04-26 14:23:45,960 [ERROR] LogOutputStream:75 - [STDERR_REDIRECT] 
2025-04-26 14:23:46,962 [ERROR] LogOutputStream:75 - [STDERR_REDIRECT] [Fatal Error] :1:1: Premature end of file.
2025-04-26 14:23:46,962 [ERROR] LogOutputStream:75 - [STDERR_REDIRECT] 
2025-04-26 14:23:47,961 [ERROR] LogOutputStream:75 - [STDERR_REDIRECT] [Fatal Error] :1:1: Premature end of file.
2025-04-26 14:23:47,961 [ERROR] LogOutputStream:75 - [STDERR_REDIRECT] 
2025-04-26 14:23:48,963 [ERROR] LogOutputStream:75 - [STDERR_REDIRECT] [Fatal Error] :1:1: Premature end of file.
2025-04-26 14:23:48,963 [ERROR] LogOutputStream:75 - [STDERR_REDIRECT] 
