2025-06-02 19:48:26,924 [INFO] Activator:176 - 


2025-06-02 19:48:26,928 [INFO] Activator:177 - !SESSION log4j initialized
2025-06-02 19:48:30,831 [INFO] LogOutputStream:77 - [STDOUT_REDIRECT] 
2025-06-02 19:48:36,842 [INFO] ApplicationProperties:184 - Using Application install path: C:\ST\STM32CubeIDE_1.17.0\STM32CubeIDE\plugins\com.st.stm32cube.common.mx_6.14.1.202504091515
2025-06-02 19:48:36,855 [INFO] DbMcusXml:78 - Set database path to: C:\ST\STM32CubeIDE_1.17.0\STM32CubeIDE\plugins\com.st.stm32cube.common.mx_6.14.1.202504091515\\db\/mcu/
2025-06-02 19:48:36,855 [INFO] ApiDb:274 - Set plugin database path to: C:\ST\STM32CubeIDE_1.17.0\STM32CubeIDE\plugins\com.st.stm32cube.common.mx_6.14.1.202504091515\\db\/plugins/boardmanager/
2025-06-02 19:48:36,855 [WARN] ApiDb:259 - Overriding images path with different value:  => C:\ST\STM32CubeIDE_1.17.0\STM32CubeIDE\plugins\com.st.stm32cube.common.mx_6.14.1.202504091515\\db\/plugins/mcufinder/images/
2025-06-02 19:48:36,862 [INFO] ApiDb:250 - Set database path to: C:\Users\stoff\.stmcufinder\plugins\mcufinder//mcu/
2025-06-02 19:48:36,863 [INFO] DbMcusAds:125 - Set database path to: C:\Users\stoff\.stmcufinder\plugins\mcufinder//mcu/
2025-06-02 19:48:36,864 [INFO] CrossReferenceDbSqlite:203 - Set database path to: C:\Users\stoff\.stmcufinder\plugins\mcufinder//mcu/cs/
2025-06-02 19:48:36,932 [INFO] RulesReader:64 - Compatibility file has been processed (302 Rules)
2025-06-02 19:48:36,992 [INFO] DbMcusXml:78 - Set database path to: C:\ST\STM32CubeIDE_1.17.0\STM32CubeIDE\plugins\com.st.stm32cube.common.mx_6.14.1.202504091515\\db\/mcu/
2025-06-02 19:48:36,992 [INFO] ApiDb:274 - Set plugin database path to: C:\ST\STM32CubeIDE_1.17.0\STM32CubeIDE\plugins\com.st.stm32cube.common.mx_6.14.1.202504091515\\db\/plugins/boardmanager/
2025-06-02 19:48:36,992 [INFO] ApiDb:261 - Set plugin images path to: C:\ST\STM32CubeIDE_1.17.0\STM32CubeIDE\plugins\com.st.stm32cube.common.mx_6.14.1.202504091515\\db\/plugins/mcufinder/images/
2025-06-02 19:48:36,992 [WARN] DbFile:41 - Overriding database path with different value: C:\Users\stoff\.stmcufinder\plugins\mcufinder/ => C:\Users\stoff\.stmcufinder\plugins\mcufinder
2025-06-02 19:48:36,992 [INFO] ApiDb:250 - Set database path to: C:\Users\stoff\.stmcufinder\plugins\mcufinder//mcu/
2025-06-02 19:48:36,992 [WARN] DbFile:41 - Overriding database path with different value: C:\Users\stoff\.stmcufinder\plugins\mcufinder/ => C:\Users\stoff\.stmcufinder\plugins\mcufinder
2025-06-02 19:48:36,992 [INFO] DbMcusAds:125 - Set database path to: C:\Users\stoff\.stmcufinder\plugins\mcufinder//mcu/
2025-06-02 19:48:36,992 [WARN] DbFile:41 - Overriding database path with different value: C:\Users\stoff\.stmcufinder\plugins\mcufinder/ => C:\Users\stoff\.stmcufinder\plugins\mcufinder
2025-06-02 19:48:36,992 [WARN] DbFile:41 - Overriding database path with different value: C:\Users\stoff\.stmcufinder\plugins\mcufinder/ => C:\Users\stoff\.stmcufinder\plugins\mcufinder
2025-06-02 19:48:36,992 [INFO] CrossReferenceDbSqlite:203 - Set database path to: C:\Users\stoff\.stmcufinder\plugins\mcufinder//mcu/cs/
2025-06-02 19:48:37,044 [INFO] MainPanel:272 - HeapMemory: 268435456
2025-06-02 19:48:37,113 [INFO] DbMcusXml:78 - Set database path to: C:\ST\STM32CubeIDE_1.17.0\STM32CubeIDE\plugins\com.st.stm32cube.common.mx_6.14.1.202504091515\\db\/mcu/
2025-06-02 19:48:37,113 [INFO] ApiDb:274 - Set plugin database path to: C:\ST\STM32CubeIDE_1.17.0\STM32CubeIDE\plugins\com.st.stm32cube.common.mx_6.14.1.202504091515\\db\/plugins/boardmanager/
2025-06-02 19:48:37,113 [INFO] ApiDb:261 - Set plugin images path to: C:\ST\STM32CubeIDE_1.17.0\STM32CubeIDE\plugins\com.st.stm32cube.common.mx_6.14.1.202504091515\\db\/plugins/mcufinder/images/
2025-06-02 19:48:37,114 [WARN] DbFile:41 - Overriding database path with different value: C:\Users\stoff\.stmcufinder\plugins\mcufinder/ => C:\Users\stoff\.stmcufinder\plugins\mcufinder
2025-06-02 19:48:37,114 [INFO] ApiDb:250 - Set database path to: C:\Users\stoff\.stmcufinder\plugins\mcufinder//mcu/
2025-06-02 19:48:37,114 [WARN] DbFile:41 - Overriding database path with different value: C:\Users\stoff\.stmcufinder\plugins\mcufinder/ => C:\Users\stoff\.stmcufinder\plugins\mcufinder
2025-06-02 19:48:37,114 [INFO] DbMcusAds:125 - Set database path to: C:\Users\stoff\.stmcufinder\plugins\mcufinder//mcu/
2025-06-02 19:48:37,114 [WARN] DbFile:41 - Overriding database path with different value: C:\Users\stoff\.stmcufinder\plugins\mcufinder/ => C:\Users\stoff\.stmcufinder\plugins\mcufinder
2025-06-02 19:48:37,114 [WARN] DbFile:41 - Overriding database path with different value: C:\Users\stoff\.stmcufinder\plugins\mcufinder/ => C:\Users\stoff\.stmcufinder\plugins\mcufinder
2025-06-02 19:48:37,114 [INFO] CrossReferenceDbSqlite:203 - Set database path to: C:\Users\stoff\.stmcufinder\plugins\mcufinder//mcu/cs/
2025-06-02 19:48:37,127 [INFO] ApplicationProperties:184 - Using Application install path: C:\ST\STM32CubeIDE_1.17.0\STM32CubeIDE\plugins\com.st.stm32cube.common.mx_6.14.1.202504091515
2025-06-02 19:48:37,127 [INFO] PluginManage:196 - Search for loadable plugins [exclusion list=, ]
2025-06-02 19:48:37,128 [INFO] PluginManage:310 - Check plugin analytics
2025-06-02 19:48:41,793 [INFO] AnalyticsPlugin:253 - Accepted Software Licenses: 
2025-06-02 19:48:41,793 [INFO] AnalyticsPlugin:255 - Accepted CMSIS Pack Licenses: 
2025-06-02 19:48:41,793 [INFO] AnalyticsPlugin:257 - Accepted Firmware Licenses: 
2025-06-02 19:48:41,796 [INFO] PluginManage:359 - Loaded plugin analytics (category:tool,tabindex:-1)
2025-06-02 19:48:41,796 [INFO] PluginManage:310 - Check plugin cadmodel
2025-06-02 19:48:41,800 [INFO] CADModel:105 - Init CAD model plugin
2025-06-02 19:48:41,800 [INFO] PluginManage:359 - Loaded plugin cadmodel (category:power,tabindex:5)
2025-06-02 19:48:41,801 [INFO] PluginManage:310 - Check plugin clock
2025-06-02 19:48:41,808 [INFO] PluginManage:359 - Loaded plugin clock (category:base,tabindex:2)
2025-06-02 19:48:41,808 [INFO] PluginManage:310 - Check plugin ddr
2025-06-02 19:48:41,810 [INFO] PluginManage:359 - Loaded plugin ddr (category:tool,tabindex:6)
2025-06-02 19:48:41,810 [INFO] PluginManage:310 - Check plugin filemanager
2025-06-02 19:48:41,901 [INFO] PluginManage:359 - Loaded plugin filemanager (category:base,tabindex:10)
2025-06-02 19:48:41,901 [INFO] PluginManage:310 - Check plugin ipmanager
2025-06-02 19:48:41,906 [INFO] PluginManage:359 - Loaded plugin ipmanager (category:base,tabindex:5)
2025-06-02 19:48:41,906 [INFO] PluginManage:310 - Check plugin lpbam
2025-06-02 19:48:41,911 [INFO] PluginManage:359 - Loaded plugin lpbam (category:base,tabindex:0)
2025-06-02 19:48:41,911 [INFO] PluginManage:310 - Check plugin memorymap
2025-06-02 19:48:41,921 [INFO] PluginManage:359 - Loaded plugin memorymap (category:base,tabindex:4)
2025-06-02 19:48:41,921 [INFO] PluginManage:310 - Check plugin pinoutandconfiguration
2025-06-02 19:48:41,927 [INFO] PluginManage:359 - Loaded plugin pinoutandconfiguration (category:base,tabindex:1)
2025-06-02 19:48:41,927 [INFO] PluginManage:310 - Check plugin pinoutconfig
2025-06-02 19:48:41,980 [WARN] SupportedApi:132 - Cannot load RTOS API schema: s4s-elt-must-match.1: The content of 'definitions' must match (annotation?, (simpleType | complexType)?, (unique | key | keyref)*)). A problem was found starting at: attribute.
2025-06-02 19:48:42,066 [INFO] PluginManage:359 - Loaded plugin pinoutconfig (category:base,tabindex:0)
2025-06-02 19:48:42,066 [INFO] PluginManage:310 - Check plugin power
2025-06-02 19:48:42,073 [INFO] PluginManage:359 - Loaded plugin power (category:power,tabindex:4)
2025-06-02 19:48:42,073 [INFO] PluginManage:310 - Check plugin projectmanager
2025-06-02 19:48:42,082 [INFO] PluginManage:359 - Loaded plugin projectmanager (category:projectmanager,tabindex:4)
2025-06-02 19:48:42,082 [INFO] PluginManage:310 - Check plugin rif
2025-06-02 19:48:42,087 [INFO] PluginManage:359 - Loaded plugin rif (category:base,tabindex:3)
2025-06-02 19:48:42,088 [INFO] PluginManage:310 - Check plugin thirdparty
2025-06-02 19:48:42,178 [INFO] PluginManage:359 - Loaded plugin thirdparty (category:base,tabindex:-1)
2025-06-02 19:48:42,178 [WARN] IntegrityCheckThread:84 - waiting for thirdparty lock release [integrity check]
2025-06-02 19:48:42,178 [INFO] PluginManage:310 - Check plugin tools
2025-06-02 19:48:42,178 [INFO] IntegrityCheckThread:86 - entering critical section [integrity check]
2025-06-02 19:48:42,178 [INFO] ThirdPartyUpdaterWithRetryManager:70 - Updater plugin not ready yet. [1/15]
2025-06-02 19:48:42,180 [INFO] PluginManage:359 - Loaded plugin tools (category:base,tabindex:7)
2025-06-02 19:48:42,180 [INFO] PluginManage:310 - Check plugin tutovideos
2025-06-02 19:48:42,289 [INFO] PluginManage:359 - Loaded plugin tutovideos (category:base,tabindex:-1)
2025-06-02 19:48:42,290 [INFO] PluginManage:310 - Check plugin updater
2025-06-02 19:48:42,304 [INFO] PluginManage:359 - Loaded plugin updater (category:base,tabindex:12)
2025-06-02 19:48:42,304 [INFO] PluginManage:310 - Check plugin userauth
2025-06-02 19:48:42,306 [INFO] UserAuth:118 - Init User Auth plugin
2025-06-02 19:48:42,307 [INFO] PluginManage:359 - Loaded plugin userauth (category:base,tabindex:14)
2025-06-02 19:48:42,307 [INFO] PluginManage:283 - PluginManage : Loaded plugins [18]
2025-06-02 19:48:42,461 [INFO] PinOutPanel:1589 - setPackage(No Configuration,No Configuration)
2025-06-02 19:48:42,509 [INFO] CADModel:165 - CPN selected for project level
2025-06-02 19:48:42,509 [INFO] CADModel:114 - Register for checkConnection events
2025-06-02 19:48:42,520 [INFO] IPUIPlugin:80 - create IPUIPlugin
2025-06-02 19:48:42,521 [INFO] PluginManager:220 - loadIPPluginJar : add adc
2025-06-02 19:48:42,523 [INFO] IPUIPlugin:80 - create IPUIPlugin
2025-06-02 19:48:42,523 [INFO] PluginManager:220 - loadIPPluginJar : add aes
2025-06-02 19:48:42,524 [INFO] IPUIPlugin:80 - create IPUIPlugin
2025-06-02 19:48:42,524 [INFO] PluginManager:220 - loadIPPluginJar : add can
2025-06-02 19:48:42,526 [INFO] IPUIPlugin:80 - create IPUIPlugin
2025-06-02 19:48:42,526 [INFO] PluginManager:220 - loadIPPluginJar : add comp
2025-06-02 19:48:42,527 [INFO] IPUIPlugin:80 - create IPUIPlugin
2025-06-02 19:48:42,527 [INFO] PluginManager:220 - loadIPPluginJar : add cryp
2025-06-02 19:48:42,529 [INFO] IPUIPlugin:80 - create IPUIPlugin
2025-06-02 19:48:42,529 [INFO] PluginManager:220 - loadIPPluginJar : add ddr_ctrl_phy
2025-06-02 19:48:42,530 [INFO] IPUIPlugin:80 - create IPUIPlugin
2025-06-02 19:48:42,530 [INFO] PluginManager:220 - loadIPPluginJar : add dfsdm
2025-06-02 19:48:42,533 [INFO] IPUIPlugin:80 - create IPUIPlugin
2025-06-02 19:48:42,533 [INFO] PluginManager:220 - loadIPPluginJar : add dma
2025-06-02 19:48:42,535 [INFO] IPUIPlugin:80 - create IPUIPlugin
2025-06-02 19:48:42,535 [INFO] PluginManager:220 - loadIPPluginJar : add dma3
2025-06-02 19:48:42,536 [INFO] IPUIPlugin:80 - create IPUIPlugin
2025-06-02 19:48:42,536 [INFO] PluginManager:220 - loadIPPluginJar : add extmemmanager
2025-06-02 19:48:42,537 [INFO] IPUIPlugin:80 - create IPUIPlugin
2025-06-02 19:48:42,538 [INFO] PluginManager:220 - loadIPPluginJar : add fatfs
2025-06-02 19:48:42,541 [INFO] IPUIPlugin:80 - create IPUIPlugin
2025-06-02 19:48:42,541 [INFO] PluginManager:220 - loadIPPluginJar : add fmc
2025-06-02 19:48:42,545 [INFO] IPUIPlugin:80 - create IPUIPlugin
2025-06-02 19:48:42,545 [INFO] PluginManager:220 - loadIPPluginJar : add freertos
2025-06-02 19:48:42,546 [INFO] IPUIPlugin:80 - create IPUIPlugin
2025-06-02 19:48:42,546 [INFO] PluginManager:220 - loadIPPluginJar : add genericplugin
2025-06-02 19:48:42,548 [INFO] IPUIPlugin:80 - create IPUIPlugin
2025-06-02 19:48:42,548 [INFO] PluginManager:220 - loadIPPluginJar : add gfxmmu
2025-06-02 19:48:42,550 [INFO] IPUIPlugin:80 - create IPUIPlugin
2025-06-02 19:48:42,550 [INFO] PluginManager:220 - loadIPPluginJar : add gic
2025-06-02 19:48:42,552 [INFO] IPUIPlugin:80 - create IPUIPlugin
2025-06-02 19:48:42,552 [INFO] PluginManager:220 - loadIPPluginJar : add gpio
2025-06-02 19:48:42,554 [INFO] IPUIPlugin:80 - create IPUIPlugin
2025-06-02 19:48:42,554 [INFO] PluginManager:220 - loadIPPluginJar : add gtzc
2025-06-02 19:48:42,555 [INFO] IPUIPlugin:80 - create IPUIPlugin
2025-06-02 19:48:42,555 [INFO] PluginManager:220 - loadIPPluginJar : add hash
2025-06-02 19:48:42,557 [INFO] IPUIPlugin:80 - create IPUIPlugin
2025-06-02 19:48:42,557 [INFO] PluginManager:220 - loadIPPluginJar : add i2c
2025-06-02 19:48:42,558 [INFO] IPUIPlugin:80 - create IPUIPlugin
2025-06-02 19:48:42,558 [INFO] PluginManager:220 - loadIPPluginJar : add i2s
2025-06-02 19:48:42,561 [INFO] IPUIPlugin:80 - create IPUIPlugin
2025-06-02 19:48:42,561 [INFO] PluginManager:220 - loadIPPluginJar : add i3c
2025-06-02 19:48:42,563 [INFO] IPUIPlugin:80 - create IPUIPlugin
2025-06-02 19:48:42,563 [INFO] PluginManager:220 - loadIPPluginJar : add ipddr
2025-06-02 19:48:42,566 [INFO] IPUIPlugin:80 - create IPUIPlugin
2025-06-02 19:48:42,567 [INFO] PluginManager:220 - loadIPPluginJar : add linkedlist
2025-06-02 19:48:42,569 [INFO] IPUIPlugin:80 - create IPUIPlugin
2025-06-02 19:48:42,569 [INFO] PluginManager:220 - loadIPPluginJar : add lorawan
2025-06-02 19:48:42,570 [INFO] IPUIPlugin:80 - create IPUIPlugin
2025-06-02 19:48:42,570 [INFO] PluginManager:220 - loadIPPluginJar : add ltdc
2025-06-02 19:48:42,573 [INFO] IPUIPlugin:80 - create IPUIPlugin
2025-06-02 19:48:42,573 [INFO] PluginManager:220 - loadIPPluginJar : add mdma
2025-06-02 19:48:42,576 [INFO] IPUIPlugin:80 - create IPUIPlugin
2025-06-02 19:48:42,576 [INFO] PluginManager:220 - loadIPPluginJar : add nvic
2025-06-02 19:48:42,577 [INFO] IPUIPlugin:80 - create IPUIPlugin
2025-06-02 19:48:42,577 [INFO] PluginManager:220 - loadIPPluginJar : add opamp
2025-06-02 19:48:42,579 [INFO] IPUIPlugin:80 - create IPUIPlugin
2025-06-02 19:48:42,579 [INFO] PluginManager:220 - loadIPPluginJar : add openamp
2025-06-02 19:48:42,581 [INFO] IPUIPlugin:80 - create IPUIPlugin
2025-06-02 19:48:42,581 [INFO] PluginManager:220 - loadIPPluginJar : add pdm2pcm
2025-06-02 19:48:42,584 [INFO] IPUIPlugin:80 - create IPUIPlugin
2025-06-02 19:48:42,585 [INFO] PluginManager:220 - loadIPPluginJar : add plateformsettings
2025-06-02 19:48:42,586 [INFO] IPUIPlugin:80 - create IPUIPlugin
2025-06-02 19:48:42,586 [INFO] PluginManager:220 - loadIPPluginJar : add quadspi
2025-06-02 19:48:42,588 [INFO] IPUIPlugin:80 - create IPUIPlugin
2025-06-02 19:48:42,588 [INFO] PluginManager:220 - loadIPPluginJar : add radio
2025-06-02 19:48:42,590 [INFO] IPUIPlugin:80 - create IPUIPlugin
2025-06-02 19:48:42,590 [INFO] PluginManager:220 - loadIPPluginJar : add resmgrutility
2025-06-02 19:48:42,592 [INFO] IPUIPlugin:80 - create IPUIPlugin
2025-06-02 19:48:42,592 [INFO] PluginManager:220 - loadIPPluginJar : add sai
2025-06-02 19:48:42,594 [INFO] IPUIPlugin:80 - create IPUIPlugin
2025-06-02 19:48:42,594 [INFO] PluginManager:220 - loadIPPluginJar : add spi
2025-06-02 19:48:42,598 [INFO] IPUIPlugin:80 - create IPUIPlugin
2025-06-02 19:48:42,598 [INFO] PluginManager:220 - loadIPPluginJar : add stm32_wpan
2025-06-02 19:48:42,599 [INFO] IPUIPlugin:80 - create IPUIPlugin
2025-06-02 19:48:42,599 [INFO] PluginManager:220 - loadIPPluginJar : add tim
2025-06-02 19:48:42,601 [INFO] IPUIPlugin:80 - create IPUIPlugin
2025-06-02 19:48:42,602 [INFO] PluginManager:220 - loadIPPluginJar : add touchsensing
2025-06-02 19:48:42,603 [INFO] IPUIPlugin:80 - create IPUIPlugin
2025-06-02 19:48:42,603 [INFO] PluginManager:220 - loadIPPluginJar : add tracer_emb
2025-06-02 19:48:42,604 [INFO] IPUIPlugin:80 - create IPUIPlugin
2025-06-02 19:48:42,604 [INFO] PluginManager:220 - loadIPPluginJar : add ts
2025-06-02 19:48:42,605 [INFO] IPUIPlugin:80 - create IPUIPlugin
2025-06-02 19:48:42,605 [INFO] PluginManager:220 - loadIPPluginJar : add tsc
2025-06-02 19:48:42,606 [INFO] IPUIPlugin:80 - create IPUIPlugin
2025-06-02 19:48:42,606 [INFO] PluginManager:220 - loadIPPluginJar : add ucpd
2025-06-02 19:48:42,608 [INFO] IPUIPlugin:80 - create IPUIPlugin
2025-06-02 19:48:42,608 [INFO] PluginManager:220 - loadIPPluginJar : add usart
2025-06-02 19:48:42,610 [INFO] IPUIPlugin:80 - create IPUIPlugin
2025-06-02 19:48:42,610 [INFO] PluginManager:220 - loadIPPluginJar : add usbx
2025-06-02 19:48:42,710 [FATAL] Updater:351 - Updater called before beeing initialized
2025-06-02 19:48:42,738 [INFO] RulesReader:64 - Compatibility file has been processed (302 Rules)
2025-06-02 19:48:42,745 [INFO] RulesReader:64 - Compatibility file has been processed (302 Rules)
2025-06-02 19:48:42,752 [INFO] CADModel:165 - CPN selected for project level
2025-06-02 19:48:42,753 [INFO] CADModel:114 - Register for checkConnection events
2025-06-02 19:48:42,753 [FATAL] Updater:351 - Updater called before beeing initialized
2025-06-02 19:48:42,753 [ERROR] CADModel:125 - Updater not yet initialized, retry later 
2025-06-02 19:48:42,846 [FATAL] Updater:351 - Updater called before beeing initialized
2025-06-02 19:48:42,847 [INFO] CADModel:165 - CPN selected for project level
2025-06-02 19:48:42,847 [INFO] CADModel:114 - Register for checkConnection events
2025-06-02 19:48:42,847 [FATAL] Updater:351 - Updater called before beeing initialized
2025-06-02 19:48:42,847 [ERROR] CADModel:125 - Updater not yet initialized, retry later 
2025-06-02 19:48:42,849 [FATAL] Updater:351 - Updater called before beeing initialized
2025-06-02 19:48:42,913 [FATAL] Updater:351 - Updater called before beeing initialized
2025-06-02 19:48:42,916 [INFO] DbMcusAds:53 - JSON generation date=Thu Mar 06 15:54:22 CET 2025 (1741272862204)
2025-06-02 19:48:42,916 [FATAL] Updater:351 - Updater called before beeing initialized
2025-06-02 19:48:42,940 [WARN] DetailPanel:346 - Failed to get advertising image, set to default
2025-06-02 19:48:43,068 [FATAL] Updater:351 - Updater called before beeing initialized
2025-06-02 19:48:43,070 [FATAL] Updater:351 - Updater called before beeing initialized
2025-06-02 19:48:43,070 [FATAL] Updater:351 - Updater called before beeing initialized
2025-06-02 19:48:43,070 [WARN] DetailPanel:346 - Failed to get advertising image, set to default
2025-06-02 19:48:43,071 [FATAL] Updater:351 - Updater called before beeing initialized
2025-06-02 19:48:43,098 [ERROR] Updater:1198 - MainUpdater not yet initialized. External WinMGr cannot be set.
2025-06-02 19:48:43,099 [INFO] Updater:1134 - Updater Version found : 6.14.1
2025-06-02 19:48:43,111 [INFO] ApplicationProperties:184 - Using Application install path: C:\ST\STM32CubeIDE_1.17.0\STM32CubeIDE\plugins\com.st.stm32cube.common.mx_6.14.1.202504091515
2025-06-02 19:48:44,673 [ERROR] LogOutputStream:75 - [STDERR_REDIRECT] Jun 02, 2025 7:48:44 PM java.util.prefs.WindowsPreferences <init>
2025-06-02 19:48:44,674 [ERROR] LogOutputStream:75 - [STDERR_REDIRECT] WARNING: Could not open/create prefs root node Software\JavaSoft\Prefs at root 0xffffffff80000002. Windows RegCreateKeyEx(...) returned error code 5.
2025-06-02 19:48:44,674 [ERROR] LogOutputStream:75 - [STDERR_REDIRECT] 
2025-06-02 19:48:45,034 [INFO] MainUpdater:2872 - connection check result : 10
2025-06-02 19:48:45,034 [INFO] MainUpdater:289 - Updater Check For Update Now.
2025-06-02 19:48:45,034 [INFO] MicroXplorer:498 - Change Database Version : DB.6.0.141
2025-06-02 19:48:45,039 [INFO] McuFinderGlobals:63 - Set McuFinder mode to 2 (CubeIDE integrated)
2025-06-02 19:48:45,039 [INFO] UserAuth:484 - Internet connection configuration mode: 1
2025-06-02 19:48:45,062 [INFO] JxBrowserEngine:152 - Initiate JxBrowser Engine with user profile folder
2025-06-02 19:48:45,181 [INFO] CheckServerUpdateThread:120 - End of CheckServer Thread
2025-06-02 19:48:45,414 [WARN] PackLoader:240 - Cannot read IP mode file for STMicroelectronics.FP-SNS-MOTENVWB1.1.4.0
2025-06-02 19:48:45,419 [WARN] PackLoader:240 - Cannot read IP mode file for STMicroelectronics.FP-ATR-ASTRA1.2.0.2
2025-06-02 19:48:45,422 [WARN] PackLoader:240 - Cannot read IP mode file for STMicroelectronics.FP-ATR-ASTRA1.2.0.1
2025-06-02 19:48:45,428 [WARN] PackLoader:240 - Cannot read IP mode file for STMicroelectronics.X-CUBE-SMBUS.2.1.0
2025-06-02 19:48:45,433 [WARN] PackLoader:240 - Cannot read IP mode file for STMicroelectronics.X-CUBE-WB05N.1.1.0
2025-06-02 19:48:45,436 [WARN] PackLoader:240 - Cannot read IP mode file for STMicroelectronics.X-CUBE-ST60.1.0.0
2025-06-02 19:48:45,454 [WARN] PackLoader:240 - Cannot read IP mode file for STMicroelectronics.X-CUBE-AZRTOS-F7.1.1.0
2025-06-02 19:48:45,460 [WARN] PackLoader:240 - Cannot read IP mode file for STMicroelectronics.FP-SNS-FLIGHT1.5.0.2
2025-06-02 19:48:45,475 [WARN] PackLoader:240 - Cannot read IP mode file for Infineon.AIROC-Wi-Fi-Bluetooth-STM32.1.7.0
2025-06-02 19:48:45,483 [WARN] PackLoader:240 - Cannot read IP mode file for STMicroelectronics.X-CUBE-DISPLAY.3.0.0
2025-06-02 19:48:45,489 [WARN] PackLoader:240 - Cannot read IP mode file for STMicroelectronics.X-CUBE-BLE1.7.0.0
2025-06-02 19:48:45,493 [WARN] PackLoader:240 - Cannot read IP mode file for STMicroelectronics.X-CUBE-NFC10.1.0.0
2025-06-02 19:48:45,499 [WARN] PackLoader:240 - Cannot read IP mode file for STMicroelectronics.X-CUBE-BLEMGR.4.0.0
2025-06-02 19:48:45,504 [WARN] PackLoader:240 - Cannot read IP mode file for emotas.I-CUBE-CANOPEN.1.3.0
2025-06-02 19:48:45,508 [WARN] PackLoader:240 - Cannot read IP mode file for STMicroelectronics.X-CUBE-AI.10.0.0
2025-06-02 19:48:45,511 [WARN] PackLoader:240 - Cannot read IP mode file for STMicroelectronics.FP-SNS-SMARTAG2.1.2.0
2025-06-02 19:48:45,514 [WARN] PackLoader:240 - Cannot read IP mode file for STMicroelectronics.FP-SNS-FLIGHT1.5.1.0
2025-06-02 19:48:45,533 [WARN] PackLoader:240 - Cannot read IP mode file for STMicroelectronics.X-CUBE-MEMS1.11.1.0
2025-06-02 19:48:45,605 [INFO] LogOutputStream:77 - [STDOUT_REDIRECT] 1 : Invalid condition id : UX_CORESTACK_Condition cause : null
2025-06-02 19:48:45,606 [INFO] LogOutputStream:77 - [STDOUT_REDIRECT] 1 : Invalid condition id : UX_CORESTACK_Condition cause : null
2025-06-02 19:48:45,607 [INFO] LogOutputStream:77 - [STDOUT_REDIRECT] 1 : Invalid condition id : UX_CORESTACK_Condition cause : null
2025-06-02 19:48:45,608 [INFO] LogOutputStream:77 - [STDOUT_REDIRECT] 1 : Invalid condition id : UX_CORESTACK_Condition cause : null
2025-06-02 19:48:45,608 [INFO] LogOutputStream:77 - [STDOUT_REDIRECT] 1 : Invalid condition id : UX_CORESTACK_Condition cause : null
2025-06-02 19:48:45,609 [WARN] PackLoader:240 - Cannot read IP mode file for STMicroelectronics.X-CUBE-AZRTOS-WL.2.0.0
2025-06-02 19:48:45,620 [WARN] PackLoader:240 - Cannot read IP mode file for STMicroelectronics.FP-SNS-MOTENV1.5.0.0
2025-06-02 19:48:45,624 [WARN] PackLoader:240 - Cannot read IP mode file for wolfSSL.I-CUBE-wolfMQTT.1.19.0
2025-06-02 19:48:45,630 [WARN] PackLoader:240 - Cannot read IP mode file for WES.I-CUBE-Cesium.1.3.0
2025-06-02 19:48:45,634 [WARN] PackLoader:240 - Cannot read IP mode file for STMicroelectronics.X-CUBE-BLE2.3.3.0
2025-06-02 19:48:45,640 [WARN] PackLoader:240 - Cannot read IP mode file for STMicroelectronics.X-CUBE-NFC9.1.0.0
2025-06-02 19:48:45,643 [WARN] PackLoader:240 - Cannot read IP mode file for STMicroelectronics.X-CUBE-BLE1.7.1.0
2025-06-02 19:48:45,666 [WARN] PackLoader:240 - Cannot read IP mode file for STMicroelectronics.X-CUBE-MEMS1.11.2.0
2025-06-02 19:48:45,745 [WARN] PackLoader:240 - Cannot read IP mode file for STMicroelectronics.X-CUBE-AZRTOS-G0.1.1.0
2025-06-02 19:48:45,750 [WARN] PackLoader:240 - Cannot read IP mode file for STMicroelectronics.X-CUBE-SAFEA1.1.2.2
2025-06-02 19:48:45,753 [WARN] PackLoader:240 - Cannot read IP mode file for STMicroelectronics.X-CUBE-NFC4.3.0.0
2025-06-02 19:48:45,757 [WARN] PackLoader:240 - Cannot read IP mode file for EmbeddedOffice.I-CUBE-FS-RTOS.1.0.1
2025-06-02 19:48:45,760 [WARN] PackLoader:240 - Cannot read IP mode file for STMicroelectronics.X-CUBE-WB05N.2.0.0
2025-06-02 19:48:45,764 [WARN] PackLoader:240 - Cannot read IP mode file for STMicroelectronics.X-CUBE-TCPP.4.2.0
2025-06-02 19:48:45,771 [WARN] PackLoader:240 - Cannot read IP mode file for RealThread.X-CUBE-RT-Thread_Nano.4.1.1
2025-06-02 19:48:45,774 [WARN] PackLoader:240 - Cannot read IP mode file for STMicroelectronics.FP-ATR-SIGFOX1.3.2.0
2025-06-02 19:48:45,776 [WARN] ConditionMgr:438 - getConditionDescription Invalid condition id : Cortex-A Device cause : null
2025-06-02 19:48:45,786 [WARN] ConditionMgr:1044 - genDependencies : Invalid condition id : Cortex-A Device cause : null
2025-06-02 19:48:45,786 [WARN] ConditionMgr:1044 - genDependencies : Invalid condition id : Cortex-A Device cause : null
2025-06-02 19:48:45,787 [WARN] ConditionMgr:1044 - genDependencies : Invalid condition id : Cortex-A Device cause : null
2025-06-02 19:48:45,790 [WARN] PackLoader:240 - Cannot read IP mode file for STMicroelectronics.X-CUBE-EEPRMA1.5.1.0
2025-06-02 19:48:45,795 [WARN] PackLoader:240 - Cannot read IP mode file for wolfSSL.I-CUBE-wolfSSL.5.7.4
2025-06-02 19:48:45,799 [WARN] PackLoader:240 - Cannot read IP mode file for ITTIA_DB.I-CUBE-ITTIADB.8.9.0
2025-06-02 19:48:45,812 [WARN] PackLoader:240 - Cannot read IP mode file for SEGGER.I-CUBE-embOS.1.3.1
2025-06-02 19:48:45,831 [WARN] PackLoader:240 - Cannot read IP mode file for STMicroelectronics.X-CUBE-ALGOBUILD.1.4.0
2025-06-02 19:48:45,834 [WARN] PackLoader:240 - Cannot read IP mode file for STMicroelectronics.X-CUBE-AI.9.1.0
2025-06-02 19:48:45,840 [WARN] PackLoader:240 - Cannot read IP mode file for STMicroelectronics.X-CUBE-AZRTOS-F4.1.1.0
2025-06-02 19:48:45,843 [WARN] PackLoader:240 - Cannot read IP mode file for Avnet-IotConnect.X-CUBE-IoTC-DA16k-PMOD.1.0.0
2025-06-02 19:48:45,845 [WARN] PackLoader:240 - Cannot read IP mode file for STMicroelectronics.X-CUBE-ISPU.2.1.0
2025-06-02 19:48:45,852 [WARN] PackLoader:240 - Cannot read IP mode file for STMicroelectronics.X-CUBE-AZRTOS-L5.2.0.0
2025-06-02 19:48:45,857 [WARN] PackLoader:240 - Cannot read IP mode file for STMicroelectronics.X-CUBE-NFC6.3.1.0
2025-06-02 19:48:45,860 [WARN] PackLoader:240 - Cannot read IP mode file for STMicroelectronics.X-CUBE-DPower.1.2.0
2025-06-02 19:48:45,863 [WARN] PackLoader:240 - Cannot read IP mode file for STMicroelectronics.X-CUBE-FREERTOS.1.3.1
2025-06-02 19:48:45,865 [WARN] PackLoader:240 - Cannot read IP mode file for STMicroelectronics.X-CUBE-FREERTOS.1.3.0
2025-06-02 19:48:45,869 [WARN] PackLoader:240 - Cannot read IP mode file for STMicroelectronics.X-CUBE-NFC7.1.0.1
2025-06-02 19:48:45,872 [WARN] PackLoader:240 - Cannot read IP mode file for STMicroelectronics.X-CUBE-DPower.1.3.0
2025-06-02 19:48:45,879 [WARN] ConditionMgr:438 - getConditionDescription Invalid condition id : LAN8742 Phy interface Condition cause : null
2025-06-02 19:48:45,879 [WARN] PackLoader:240 - Cannot read IP mode file for STMicroelectronics.X-CUBE-AZRTOS-L4.2.0.0
2025-06-02 19:48:45,879 [WARN] ConditionMgr:1044 - genDependencies : Invalid condition id : LAN8742 Phy interface Condition cause : null
2025-06-02 19:48:45,880 [WARN] ConditionMgr:1044 - genDependencies : Invalid condition id : LAN8742 Phy interface Condition cause : null
2025-06-02 19:48:45,880 [WARN] ConditionMgr:1044 - genDependencies : Invalid condition id : LAN8742 Phy interface Condition cause : null
2025-06-02 19:48:45,883 [WARN] PackLoader:240 - Cannot read IP mode file for STMicroelectronics.X-CUBE-SFXS2LP1.4.0.0
2025-06-02 19:48:45,898 [WARN] PackLoader:240 - Cannot read IP mode file for STMicroelectronics.X-CUBE-AZRTOS-H7.3.3.0
2025-06-02 19:48:45,904 [WARN] PackLoader:240 - Cannot read IP mode file for STMicroelectronics.X-CUBE-IPS.3.0.0
2025-06-02 19:48:45,910 [WARN] ConditionMgr:438 - getConditionDescription Invalid condition id : UX DEVICE CLASS RTOS Condition cause : null
2025-06-02 19:48:45,911 [WARN] ConditionMgr:438 - getConditionDescription Invalid condition id : UX DEVICE CLASS RTOS Condition cause : null
2025-06-02 19:48:45,911 [WARN] PackLoader:240 - Cannot read IP mode file for STMicroelectronics.X-CUBE-AZRTOS-WB.2.0.0
2025-06-02 19:48:45,911 [WARN] ConditionMgr:1044 - genDependencies : Invalid condition id : UX DEVICE CLASS RTOS Condition cause : null
2025-06-02 19:48:45,911 [WARN] ConditionMgr:1044 - genDependencies : Invalid condition id : UX DEVICE CLASS RTOS Condition cause : null
2025-06-02 19:48:45,912 [WARN] ConditionMgr:1044 - genDependencies : Invalid condition id : UX DEVICE CLASS RTOS Condition cause : null
2025-06-02 19:48:45,912 [WARN] ConditionMgr:1044 - genDependencies : Invalid condition id : UX DEVICE CLASS RTOS Condition cause : null
2025-06-02 19:48:45,912 [WARN] ConditionMgr:1044 - genDependencies : Invalid condition id : UX DEVICE CLASS RTOS Condition cause : null
2025-06-02 19:48:45,916 [WARN] PackLoader:240 - Cannot read IP mode file for STMicroelectronics.X-CUBE-GNSS1.7.0.1
2025-06-02 19:48:45,921 [WARN] PackLoader:240 - Cannot read IP mode file for STMicroelectronics.X-CUBE-TOUCHGFX.4.25.0
2025-06-02 19:48:45,924 [WARN] PackLoader:240 - Cannot read IP mode file for STMicroelectronics.FP-SNS-STBOX1.2.0.0
2025-06-02 19:48:45,929 [WARN] PackLoader:240 - Cannot read IP mode file for STMicroelectronics.X-CUBE-SUBG2.5.0.0
2025-06-02 19:48:45,939 [WARN] PackLoader:240 - Cannot read IP mode file for STMicroelectronics.X-CUBE-AZRTOS-H7RS.1.1.0
2025-06-02 19:48:45,943 [WARN] PackLoader:240 - Cannot read IP mode file for Cesanta.I-CUBE-Mongoose.7.13.0
2025-06-02 19:48:45,949 [WARN] PackLoader:240 - Cannot read IP mode file for STMicroelectronics.X-CUBE-AZRTOS-G4.2.0.0
2025-06-02 19:48:45,953 [WARN] PackLoader:240 - Cannot read IP mode file for STMicroelectronics.X-CUBE-NFC7.2.0.0
2025-06-02 19:48:45,958 [WARN] PackLoader:240 - Cannot read IP mode file for STMicroelectronics.X-CUBE-IPS.3.1.0
2025-06-02 19:48:45,963 [WARN] PackLoader:240 - Cannot read IP mode file for STMicroelectronics.X-CUBE-ALS.1.0.2
2025-06-02 19:48:45,966 [WARN] PackLoader:240 - Cannot read IP mode file for STMicroelectronics.X-CUBE-TOUCHGFX.4.24.2
2025-06-02 19:48:45,968 [WARN] PackLoader:240 - Cannot read IP mode file for STMicroelectronics.X-CUBE-TOUCHGFX.4.24.1
2025-06-02 19:48:45,970 [WARN] PackLoader:240 - Cannot read IP mode file for wolfSSL.I-CUBE-wolfTPM.3.4.0
2025-06-02 19:48:45,974 [WARN] PackLoader:240 - Cannot read IP mode file for portGmbH.I-Cube-SoM-uGOAL.1.1.0
2025-06-02 19:48:45,981 [WARN] PackLoader:240 - Cannot read IP mode file for STMicroelectronics.X-CUBE-AZRTOS-H7RS.1.0.0
2025-06-02 19:48:45,986 [WARN] PackLoader:240 - Cannot read IP mode file for STMicroelectronics.X-CUBE-TOF1.3.4.2
2025-06-02 19:48:45,995 [WARN] PackLoader:240 - Cannot read IP mode file for STMicroelectronics.X-CUBE-TOF1.3.4.3
2025-06-02 19:48:46,002 [WARN] PackLoader:240 - Cannot read IP mode file for wolfSSL.I-CUBE-wolfSSH.1.4.17
2025-06-02 19:48:46,002 [INFO] ThirdParty:978 - Integrity check success = true
2025-06-02 19:48:46,002 [INFO] IntegrityCheckThread:100 - exiting critical section [integrity check]
2025-06-02 19:48:46,002 [INFO] IntegrityCheckThread:103 - End integrity checks thread
2025-06-02 19:48:46,183 [INFO] WebApp:169 - Instantiating new browser for Auth
2025-06-02 19:48:46,636 [INFO] WebApp:463 - Apply proxy settings
2025-06-02 19:48:46,636 [INFO] WebApp:548 - Chromium requires no authentication
2025-06-02 19:48:46,644 [INFO] WebApp:491 - Direct internet connection detected
2025-06-02 19:48:46,664 [INFO] WebApp:894 - Register for checkConnection events
2025-06-02 19:48:46,664 [INFO] WebApp:463 - Apply proxy settings
2025-06-02 19:48:46,664 [INFO] WebApp:548 - Chromium requires no authentication
2025-06-02 19:48:46,664 [INFO] WebApp:491 - Direct internet connection detected
2025-06-02 19:48:46,769 [INFO] WebApp:225 - Starting web application
2025-06-02 19:48:46,769 [INFO] WebApp:593 - Web application path used C:\ST\STM32CubeIDE_1.17.0\STM32CubeIDE\plugins\com.st.stm32cube.common.mx_6.14.1.202504091515\db\plugins\mcufinder\reactClient1\index.html
2025-06-02 19:48:46,818 [INFO] UserAuth:484 - Internet connection configuration mode: 1
2025-06-02 19:48:46,852 [INFO] WebApp:191 - Connection restablished
2025-06-02 19:53:57,865 [INFO] WebApp:194 - Connection lost
2025-06-02 19:53:57,983 [INFO] WebApp:191 - Connection restablished
2025-06-02 19:54:07,326 [INFO] WebApp:194 - Connection lost
2025-06-02 19:54:07,438 [INFO] WebApp:191 - Connection restablished
