2025-04-24 20:35:24,848 [INFO] Activator:176 - 


2025-04-24 20:35:24,851 [INFO] Activator:177 - !SESSION log4j initialized
2025-04-24 20:35:28,735 [INFO] LogOutputStream:77 - [STDOUT_REDIRECT] 
2025-04-24 20:35:34,983 [INFO] ApplicationProperties:184 - Using Application install path: C:\ST\STM32CubeIDE_1.17.0\STM32CubeIDE\plugins\com.st.stm32cube.common.mx_6.14.1.202504091515
2025-04-24 20:35:34,995 [INFO] DbMcusXml:78 - Set database path to: C:\ST\STM32CubeIDE_1.17.0\STM32CubeIDE\plugins\com.st.stm32cube.common.mx_6.14.1.202504091515\\db\/mcu/
2025-04-24 20:35:34,996 [INFO] ApiDb:274 - Set plugin database path to: C:\ST\STM32CubeIDE_1.17.0\STM32CubeIDE\plugins\com.st.stm32cube.common.mx_6.14.1.202504091515\\db\/plugins/boardmanager/
2025-04-24 20:35:34,996 [WARN] ApiDb:259 - Overriding images path with different value:  => C:\ST\STM32CubeIDE_1.17.0\STM32CubeIDE\plugins\com.st.stm32cube.common.mx_6.14.1.202504091515\\db\/plugins/mcufinder/images/
2025-04-24 20:35:35,003 [INFO] ApiDb:250 - Set database path to: C:\Users\stoff\.stmcufinder\plugins\mcufinder//mcu/
2025-04-24 20:35:35,004 [INFO] DbMcusAds:125 - Set database path to: C:\Users\stoff\.stmcufinder\plugins\mcufinder//mcu/
2025-04-24 20:35:35,006 [INFO] CrossReferenceDbSqlite:203 - Set database path to: C:\Users\stoff\.stmcufinder\plugins\mcufinder//mcu/cs/
2025-04-24 20:35:35,085 [INFO] RulesReader:64 - Compatibility file has been processed (302 Rules)
2025-04-24 20:35:35,139 [INFO] DbMcusXml:78 - Set database path to: C:\ST\STM32CubeIDE_1.17.0\STM32CubeIDE\plugins\com.st.stm32cube.common.mx_6.14.1.202504091515\\db\/mcu/
2025-04-24 20:35:35,139 [INFO] ApiDb:274 - Set plugin database path to: C:\ST\STM32CubeIDE_1.17.0\STM32CubeIDE\plugins\com.st.stm32cube.common.mx_6.14.1.202504091515\\db\/plugins/boardmanager/
2025-04-24 20:35:35,139 [INFO] ApiDb:261 - Set plugin images path to: C:\ST\STM32CubeIDE_1.17.0\STM32CubeIDE\plugins\com.st.stm32cube.common.mx_6.14.1.202504091515\\db\/plugins/mcufinder/images/
2025-04-24 20:35:35,140 [WARN] DbFile:41 - Overriding database path with different value: C:\Users\stoff\.stmcufinder\plugins\mcufinder/ => C:\Users\stoff\.stmcufinder\plugins\mcufinder
2025-04-24 20:35:35,140 [INFO] ApiDb:250 - Set database path to: C:\Users\stoff\.stmcufinder\plugins\mcufinder//mcu/
2025-04-24 20:35:35,140 [WARN] DbFile:41 - Overriding database path with different value: C:\Users\stoff\.stmcufinder\plugins\mcufinder/ => C:\Users\stoff\.stmcufinder\plugins\mcufinder
2025-04-24 20:35:35,140 [INFO] DbMcusAds:125 - Set database path to: C:\Users\stoff\.stmcufinder\plugins\mcufinder//mcu/
2025-04-24 20:35:35,140 [WARN] DbFile:41 - Overriding database path with different value: C:\Users\stoff\.stmcufinder\plugins\mcufinder/ => C:\Users\stoff\.stmcufinder\plugins\mcufinder
2025-04-24 20:35:35,140 [WARN] DbFile:41 - Overriding database path with different value: C:\Users\stoff\.stmcufinder\plugins\mcufinder/ => C:\Users\stoff\.stmcufinder\plugins\mcufinder
2025-04-24 20:35:35,140 [INFO] CrossReferenceDbSqlite:203 - Set database path to: C:\Users\stoff\.stmcufinder\plugins\mcufinder//mcu/cs/
2025-04-24 20:35:35,196 [INFO] MainPanel:272 - HeapMemory: 268435456
2025-04-24 20:35:35,267 [INFO] DbMcusXml:78 - Set database path to: C:\ST\STM32CubeIDE_1.17.0\STM32CubeIDE\plugins\com.st.stm32cube.common.mx_6.14.1.202504091515\\db\/mcu/
2025-04-24 20:35:35,267 [INFO] ApiDb:274 - Set plugin database path to: C:\ST\STM32CubeIDE_1.17.0\STM32CubeIDE\plugins\com.st.stm32cube.common.mx_6.14.1.202504091515\\db\/plugins/boardmanager/
2025-04-24 20:35:35,267 [INFO] ApiDb:261 - Set plugin images path to: C:\ST\STM32CubeIDE_1.17.0\STM32CubeIDE\plugins\com.st.stm32cube.common.mx_6.14.1.202504091515\\db\/plugins/mcufinder/images/
2025-04-24 20:35:35,267 [WARN] DbFile:41 - Overriding database path with different value: C:\Users\stoff\.stmcufinder\plugins\mcufinder/ => C:\Users\stoff\.stmcufinder\plugins\mcufinder
2025-04-24 20:35:35,267 [INFO] ApiDb:250 - Set database path to: C:\Users\stoff\.stmcufinder\plugins\mcufinder//mcu/
2025-04-24 20:35:35,267 [WARN] DbFile:41 - Overriding database path with different value: C:\Users\stoff\.stmcufinder\plugins\mcufinder/ => C:\Users\stoff\.stmcufinder\plugins\mcufinder
2025-04-24 20:35:35,267 [INFO] DbMcusAds:125 - Set database path to: C:\Users\stoff\.stmcufinder\plugins\mcufinder//mcu/
2025-04-24 20:35:35,267 [WARN] DbFile:41 - Overriding database path with different value: C:\Users\stoff\.stmcufinder\plugins\mcufinder/ => C:\Users\stoff\.stmcufinder\plugins\mcufinder
2025-04-24 20:35:35,267 [WARN] DbFile:41 - Overriding database path with different value: C:\Users\stoff\.stmcufinder\plugins\mcufinder/ => C:\Users\stoff\.stmcufinder\plugins\mcufinder
2025-04-24 20:35:35,267 [INFO] CrossReferenceDbSqlite:203 - Set database path to: C:\Users\stoff\.stmcufinder\plugins\mcufinder//mcu/cs/
2025-04-24 20:35:35,280 [INFO] ApplicationProperties:184 - Using Application install path: C:\ST\STM32CubeIDE_1.17.0\STM32CubeIDE\plugins\com.st.stm32cube.common.mx_6.14.1.202504091515
2025-04-24 20:35:35,280 [INFO] PluginManage:196 - Search for loadable plugins [exclusion list=, ]
2025-04-24 20:35:35,281 [INFO] PluginManage:310 - Check plugin analytics
2025-04-24 20:35:40,360 [INFO] AnalyticsPlugin:253 - Accepted Software Licenses: 
2025-04-24 20:35:40,360 [INFO] AnalyticsPlugin:255 - Accepted CMSIS Pack Licenses: 
2025-04-24 20:35:40,360 [INFO] AnalyticsPlugin:257 - Accepted Firmware Licenses: 
2025-04-24 20:35:40,362 [INFO] PluginManage:359 - Loaded plugin analytics (category:tool,tabindex:-1)
2025-04-24 20:35:40,362 [INFO] PluginManage:310 - Check plugin cadmodel
2025-04-24 20:35:40,366 [INFO] CADModel:105 - Init CAD model plugin
2025-04-24 20:35:40,367 [INFO] PluginManage:359 - Loaded plugin cadmodel (category:power,tabindex:5)
2025-04-24 20:35:40,367 [INFO] PluginManage:310 - Check plugin clock
2025-04-24 20:35:40,374 [INFO] PluginManage:359 - Loaded plugin clock (category:base,tabindex:2)
2025-04-24 20:35:40,374 [INFO] PluginManage:310 - Check plugin ddr
2025-04-24 20:35:40,376 [INFO] PluginManage:359 - Loaded plugin ddr (category:tool,tabindex:6)
2025-04-24 20:35:40,376 [INFO] PluginManage:310 - Check plugin filemanager
2025-04-24 20:35:40,469 [INFO] PluginManage:359 - Loaded plugin filemanager (category:base,tabindex:10)
2025-04-24 20:35:40,469 [INFO] PluginManage:310 - Check plugin ipmanager
2025-04-24 20:35:40,474 [INFO] PluginManage:359 - Loaded plugin ipmanager (category:base,tabindex:5)
2025-04-24 20:35:40,474 [INFO] PluginManage:310 - Check plugin lpbam
2025-04-24 20:35:40,479 [INFO] PluginManage:359 - Loaded plugin lpbam (category:base,tabindex:0)
2025-04-24 20:35:40,479 [INFO] PluginManage:310 - Check plugin memorymap
2025-04-24 20:35:40,490 [INFO] PluginManage:359 - Loaded plugin memorymap (category:base,tabindex:4)
2025-04-24 20:35:40,490 [INFO] PluginManage:310 - Check plugin pinoutandconfiguration
2025-04-24 20:35:40,496 [INFO] PluginManage:359 - Loaded plugin pinoutandconfiguration (category:base,tabindex:1)
2025-04-24 20:35:40,496 [INFO] PluginManage:310 - Check plugin pinoutconfig
2025-04-24 20:35:40,559 [WARN] SupportedApi:132 - Cannot load RTOS API schema: s4s-elt-must-match.1: The content of 'definitions' must match (annotation?, (simpleType | complexType)?, (unique | key | keyref)*)). A problem was found starting at: attribute.
2025-04-24 20:35:40,642 [INFO] PluginManage:359 - Loaded plugin pinoutconfig (category:base,tabindex:0)
2025-04-24 20:35:40,642 [INFO] PluginManage:310 - Check plugin power
2025-04-24 20:35:40,650 [INFO] PluginManage:359 - Loaded plugin power (category:power,tabindex:4)
2025-04-24 20:35:40,650 [INFO] PluginManage:310 - Check plugin projectmanager
2025-04-24 20:35:40,663 [INFO] PluginManage:359 - Loaded plugin projectmanager (category:projectmanager,tabindex:4)
2025-04-24 20:35:40,663 [INFO] PluginManage:310 - Check plugin rif
2025-04-24 20:35:40,669 [INFO] PluginManage:359 - Loaded plugin rif (category:base,tabindex:3)
2025-04-24 20:35:40,669 [INFO] PluginManage:310 - Check plugin thirdparty
2025-04-24 20:35:40,761 [WARN] IntegrityCheckThread:84 - waiting for thirdparty lock release [integrity check]
2025-04-24 20:35:40,761 [INFO] PluginManage:359 - Loaded plugin thirdparty (category:base,tabindex:-1)
2025-04-24 20:35:40,761 [INFO] IntegrityCheckThread:86 - entering critical section [integrity check]
2025-04-24 20:35:40,761 [INFO] PluginManage:310 - Check plugin tools
2025-04-24 20:35:40,761 [INFO] ThirdPartyUpdaterWithRetryManager:70 - Updater plugin not ready yet. [1/15]
2025-04-24 20:35:40,763 [INFO] PluginManage:359 - Loaded plugin tools (category:base,tabindex:7)
2025-04-24 20:35:40,763 [INFO] PluginManage:310 - Check plugin tutovideos
2025-04-24 20:35:40,876 [INFO] PluginManage:359 - Loaded plugin tutovideos (category:base,tabindex:-1)
2025-04-24 20:35:40,876 [INFO] PluginManage:310 - Check plugin updater
2025-04-24 20:35:40,891 [INFO] PluginManage:359 - Loaded plugin updater (category:base,tabindex:12)
2025-04-24 20:35:40,891 [INFO] PluginManage:310 - Check plugin userauth
2025-04-24 20:35:40,894 [INFO] UserAuth:118 - Init User Auth plugin
2025-04-24 20:35:40,895 [INFO] PluginManage:359 - Loaded plugin userauth (category:base,tabindex:14)
2025-04-24 20:35:40,895 [INFO] PluginManage:283 - PluginManage : Loaded plugins [18]
2025-04-24 20:35:41,028 [INFO] PinOutPanel:1589 - setPackage(No Configuration,No Configuration)
2025-04-24 20:35:41,082 [INFO] CADModel:165 - CPN selected for project level
2025-04-24 20:35:41,083 [INFO] CADModel:114 - Register for checkConnection events
2025-04-24 20:35:41,095 [INFO] IPUIPlugin:80 - create IPUIPlugin
2025-04-24 20:35:41,095 [INFO] PluginManager:220 - loadIPPluginJar : add adc
2025-04-24 20:35:41,097 [INFO] IPUIPlugin:80 - create IPUIPlugin
2025-04-24 20:35:41,097 [INFO] PluginManager:220 - loadIPPluginJar : add aes
2025-04-24 20:35:41,099 [INFO] IPUIPlugin:80 - create IPUIPlugin
2025-04-24 20:35:41,099 [INFO] PluginManager:220 - loadIPPluginJar : add can
2025-04-24 20:35:41,100 [INFO] IPUIPlugin:80 - create IPUIPlugin
2025-04-24 20:35:41,100 [INFO] PluginManager:220 - loadIPPluginJar : add comp
2025-04-24 20:35:41,102 [INFO] IPUIPlugin:80 - create IPUIPlugin
2025-04-24 20:35:41,102 [INFO] PluginManager:220 - loadIPPluginJar : add cryp
2025-04-24 20:35:41,104 [INFO] IPUIPlugin:80 - create IPUIPlugin
2025-04-24 20:35:41,104 [INFO] PluginManager:220 - loadIPPluginJar : add ddr_ctrl_phy
2025-04-24 20:35:41,106 [INFO] IPUIPlugin:80 - create IPUIPlugin
2025-04-24 20:35:41,106 [INFO] PluginManager:220 - loadIPPluginJar : add dfsdm
2025-04-24 20:35:41,110 [INFO] IPUIPlugin:80 - create IPUIPlugin
2025-04-24 20:35:41,110 [INFO] PluginManager:220 - loadIPPluginJar : add dma
2025-04-24 20:35:41,112 [INFO] IPUIPlugin:80 - create IPUIPlugin
2025-04-24 20:35:41,112 [INFO] PluginManager:220 - loadIPPluginJar : add dma3
2025-04-24 20:35:41,114 [INFO] IPUIPlugin:80 - create IPUIPlugin
2025-04-24 20:35:41,114 [INFO] PluginManager:220 - loadIPPluginJar : add extmemmanager
2025-04-24 20:35:41,115 [INFO] IPUIPlugin:80 - create IPUIPlugin
2025-04-24 20:35:41,115 [INFO] PluginManager:220 - loadIPPluginJar : add fatfs
2025-04-24 20:35:41,119 [INFO] IPUIPlugin:80 - create IPUIPlugin
2025-04-24 20:35:41,119 [INFO] PluginManager:220 - loadIPPluginJar : add fmc
2025-04-24 20:35:41,123 [INFO] IPUIPlugin:80 - create IPUIPlugin
2025-04-24 20:35:41,123 [INFO] PluginManager:220 - loadIPPluginJar : add freertos
2025-04-24 20:35:41,124 [INFO] IPUIPlugin:80 - create IPUIPlugin
2025-04-24 20:35:41,124 [INFO] PluginManager:220 - loadIPPluginJar : add genericplugin
2025-04-24 20:35:41,125 [INFO] IPUIPlugin:80 - create IPUIPlugin
2025-04-24 20:35:41,125 [INFO] PluginManager:220 - loadIPPluginJar : add gfxmmu
2025-04-24 20:35:41,128 [INFO] IPUIPlugin:80 - create IPUIPlugin
2025-04-24 20:35:41,128 [INFO] PluginManager:220 - loadIPPluginJar : add gic
2025-04-24 20:35:41,131 [INFO] IPUIPlugin:80 - create IPUIPlugin
2025-04-24 20:35:41,131 [INFO] PluginManager:220 - loadIPPluginJar : add gpio
2025-04-24 20:35:41,133 [INFO] IPUIPlugin:80 - create IPUIPlugin
2025-04-24 20:35:41,133 [INFO] PluginManager:220 - loadIPPluginJar : add gtzc
2025-04-24 20:35:41,135 [INFO] IPUIPlugin:80 - create IPUIPlugin
2025-04-24 20:35:41,135 [INFO] PluginManager:220 - loadIPPluginJar : add hash
2025-04-24 20:35:41,136 [INFO] IPUIPlugin:80 - create IPUIPlugin
2025-04-24 20:35:41,137 [INFO] PluginManager:220 - loadIPPluginJar : add i2c
2025-04-24 20:35:41,138 [INFO] IPUIPlugin:80 - create IPUIPlugin
2025-04-24 20:35:41,138 [INFO] PluginManager:220 - loadIPPluginJar : add i2s
2025-04-24 20:35:41,140 [INFO] IPUIPlugin:80 - create IPUIPlugin
2025-04-24 20:35:41,140 [INFO] PluginManager:220 - loadIPPluginJar : add i3c
2025-04-24 20:35:41,142 [INFO] IPUIPlugin:80 - create IPUIPlugin
2025-04-24 20:35:41,142 [INFO] PluginManager:220 - loadIPPluginJar : add ipddr
2025-04-24 20:35:41,148 [INFO] IPUIPlugin:80 - create IPUIPlugin
2025-04-24 20:35:41,148 [INFO] PluginManager:220 - loadIPPluginJar : add linkedlist
2025-04-24 20:35:41,151 [INFO] IPUIPlugin:80 - create IPUIPlugin
2025-04-24 20:35:41,151 [INFO] PluginManager:220 - loadIPPluginJar : add lorawan
2025-04-24 20:35:41,152 [INFO] IPUIPlugin:80 - create IPUIPlugin
2025-04-24 20:35:41,152 [INFO] PluginManager:220 - loadIPPluginJar : add ltdc
2025-04-24 20:35:41,155 [INFO] IPUIPlugin:80 - create IPUIPlugin
2025-04-24 20:35:41,156 [INFO] PluginManager:220 - loadIPPluginJar : add mdma
2025-04-24 20:35:41,158 [INFO] IPUIPlugin:80 - create IPUIPlugin
2025-04-24 20:35:41,158 [INFO] PluginManager:220 - loadIPPluginJar : add nvic
2025-04-24 20:35:41,160 [INFO] IPUIPlugin:80 - create IPUIPlugin
2025-04-24 20:35:41,160 [INFO] PluginManager:220 - loadIPPluginJar : add opamp
2025-04-24 20:35:41,161 [INFO] IPUIPlugin:80 - create IPUIPlugin
2025-04-24 20:35:41,161 [INFO] PluginManager:220 - loadIPPluginJar : add openamp
2025-04-24 20:35:41,163 [INFO] IPUIPlugin:80 - create IPUIPlugin
2025-04-24 20:35:41,163 [INFO] PluginManager:220 - loadIPPluginJar : add pdm2pcm
2025-04-24 20:35:41,166 [INFO] IPUIPlugin:80 - create IPUIPlugin
2025-04-24 20:35:41,167 [INFO] PluginManager:220 - loadIPPluginJar : add plateformsettings
2025-04-24 20:35:41,168 [INFO] IPUIPlugin:80 - create IPUIPlugin
2025-04-24 20:35:41,168 [INFO] PluginManager:220 - loadIPPluginJar : add quadspi
2025-04-24 20:35:41,170 [INFO] IPUIPlugin:80 - create IPUIPlugin
2025-04-24 20:35:41,171 [INFO] PluginManager:220 - loadIPPluginJar : add radio
2025-04-24 20:35:41,173 [INFO] IPUIPlugin:80 - create IPUIPlugin
2025-04-24 20:35:41,173 [INFO] PluginManager:220 - loadIPPluginJar : add resmgrutility
2025-04-24 20:35:41,175 [INFO] IPUIPlugin:80 - create IPUIPlugin
2025-04-24 20:35:41,175 [INFO] PluginManager:220 - loadIPPluginJar : add sai
2025-04-24 20:35:41,177 [INFO] IPUIPlugin:80 - create IPUIPlugin
2025-04-24 20:35:41,177 [INFO] PluginManager:220 - loadIPPluginJar : add spi
2025-04-24 20:35:41,180 [INFO] IPUIPlugin:80 - create IPUIPlugin
2025-04-24 20:35:41,180 [INFO] PluginManager:220 - loadIPPluginJar : add stm32_wpan
2025-04-24 20:35:41,181 [INFO] IPUIPlugin:80 - create IPUIPlugin
2025-04-24 20:35:41,181 [INFO] PluginManager:220 - loadIPPluginJar : add tim
2025-04-24 20:35:41,183 [INFO] IPUIPlugin:80 - create IPUIPlugin
2025-04-24 20:35:41,183 [INFO] PluginManager:220 - loadIPPluginJar : add touchsensing
2025-04-24 20:35:41,184 [INFO] IPUIPlugin:80 - create IPUIPlugin
2025-04-24 20:35:41,184 [INFO] PluginManager:220 - loadIPPluginJar : add tracer_emb
2025-04-24 20:35:41,185 [INFO] IPUIPlugin:80 - create IPUIPlugin
2025-04-24 20:35:41,185 [INFO] PluginManager:220 - loadIPPluginJar : add ts
2025-04-24 20:35:41,187 [INFO] IPUIPlugin:80 - create IPUIPlugin
2025-04-24 20:35:41,187 [INFO] PluginManager:220 - loadIPPluginJar : add tsc
2025-04-24 20:35:41,188 [INFO] IPUIPlugin:80 - create IPUIPlugin
2025-04-24 20:35:41,188 [INFO] PluginManager:220 - loadIPPluginJar : add ucpd
2025-04-24 20:35:41,189 [INFO] IPUIPlugin:80 - create IPUIPlugin
2025-04-24 20:35:41,189 [INFO] PluginManager:220 - loadIPPluginJar : add usart
2025-04-24 20:35:41,191 [INFO] IPUIPlugin:80 - create IPUIPlugin
2025-04-24 20:35:41,191 [INFO] PluginManager:220 - loadIPPluginJar : add usbx
2025-04-24 20:35:41,292 [FATAL] Updater:351 - Updater called before beeing initialized
2025-04-24 20:35:41,330 [INFO] RulesReader:64 - Compatibility file has been processed (302 Rules)
2025-04-24 20:35:41,335 [INFO] RulesReader:64 - Compatibility file has been processed (302 Rules)
2025-04-24 20:35:41,344 [INFO] CADModel:165 - CPN selected for project level
2025-04-24 20:35:41,344 [INFO] CADModel:114 - Register for checkConnection events
2025-04-24 20:35:41,344 [FATAL] Updater:351 - Updater called before beeing initialized
2025-04-24 20:35:41,344 [ERROR] CADModel:125 - Updater not yet initialized, retry later 
2025-04-24 20:35:41,452 [FATAL] Updater:351 - Updater called before beeing initialized
2025-04-24 20:35:41,454 [INFO] CADModel:165 - CPN selected for project level
2025-04-24 20:35:41,454 [INFO] CADModel:114 - Register for checkConnection events
2025-04-24 20:35:41,454 [FATAL] Updater:351 - Updater called before beeing initialized
2025-04-24 20:35:41,454 [ERROR] CADModel:125 - Updater not yet initialized, retry later 
2025-04-24 20:35:41,456 [FATAL] Updater:351 - Updater called before beeing initialized
2025-04-24 20:35:41,516 [FATAL] Updater:351 - Updater called before beeing initialized
2025-04-24 20:35:41,519 [INFO] DbMcusAds:53 - JSON generation date=Thu Mar 06 15:54:22 CET 2025 (1741272862204)
2025-04-24 20:35:41,519 [FATAL] Updater:351 - Updater called before beeing initialized
2025-04-24 20:35:41,545 [WARN] DetailPanel:346 - Failed to get advertising image, set to default
2025-04-24 20:35:41,702 [FATAL] Updater:351 - Updater called before beeing initialized
2025-04-24 20:35:41,704 [FATAL] Updater:351 - Updater called before beeing initialized
2025-04-24 20:35:41,704 [FATAL] Updater:351 - Updater called before beeing initialized
2025-04-24 20:35:41,704 [WARN] DetailPanel:346 - Failed to get advertising image, set to default
2025-04-24 20:35:41,705 [FATAL] Updater:351 - Updater called before beeing initialized
2025-04-24 20:35:41,737 [ERROR] Updater:1198 - MainUpdater not yet initialized. External WinMGr cannot be set.
2025-04-24 20:35:41,738 [INFO] Updater:1134 - Updater Version found : 6.14.1
2025-04-24 20:35:41,748 [INFO] ApplicationProperties:184 - Using Application install path: C:\ST\STM32CubeIDE_1.17.0\STM32CubeIDE\plugins\com.st.stm32cube.common.mx_6.14.1.202504091515
2025-04-24 20:35:43,321 [ERROR] LogOutputStream:75 - [STDERR_REDIRECT] Apr 24, 2025 8:35:43 PM java.util.prefs.WindowsPreferences <init>
2025-04-24 20:35:43,322 [ERROR] LogOutputStream:75 - [STDERR_REDIRECT] WARNING: Could not open/create prefs root node Software\JavaSoft\Prefs at root 0xffffffff80000002. Windows RegCreateKeyEx(...) returned error code 5.
2025-04-24 20:35:43,322 [ERROR] LogOutputStream:75 - [STDERR_REDIRECT] 
2025-04-24 20:35:43,654 [INFO] MainUpdater:2872 - connection check result : 10
2025-04-24 20:35:43,655 [INFO] MainUpdater:289 - Updater Check For Update Now.
2025-04-24 20:35:43,655 [INFO] MicroXplorer:498 - Change Database Version : DB.6.0.141
2025-04-24 20:35:43,658 [INFO] McuFinderGlobals:63 - Set McuFinder mode to 2 (CubeIDE integrated)
2025-04-24 20:35:43,659 [INFO] UserAuth:484 - Internet connection configuration mode: 1
2025-04-24 20:35:43,688 [INFO] JxBrowserEngine:152 - Initiate JxBrowser Engine with user profile folder
2025-04-24 20:35:43,763 [WARN] MainUpdater:1193 - Updater busy. Cannot search thirdparties
2025-04-24 20:35:43,763 [INFO] ThirdPartyUpdaterWithRetryManager:96 - Updater plugin is busy. [1/15]
2025-04-24 20:35:43,809 [INFO] CheckServerUpdateThread:120 - End of CheckServer Thread
2025-04-24 20:35:44,347 [INFO] WebApp:169 - Instantiating new browser for Auth
2025-04-24 20:35:44,792 [INFO] WebApp:463 - Apply proxy settings
2025-04-24 20:35:44,792 [INFO] WebApp:548 - Chromium requires no authentication
2025-04-24 20:35:44,798 [INFO] WebApp:491 - Direct internet connection detected
2025-04-24 20:35:44,814 [INFO] WebApp:894 - Register for checkConnection events
2025-04-24 20:35:44,814 [INFO] WebApp:463 - Apply proxy settings
2025-04-24 20:35:44,814 [INFO] WebApp:548 - Chromium requires no authentication
2025-04-24 20:35:44,814 [INFO] WebApp:491 - Direct internet connection detected
2025-04-24 20:35:44,916 [INFO] WebApp:225 - Starting web application
2025-04-24 20:35:44,916 [INFO] WebApp:593 - Web application path used C:\ST\STM32CubeIDE_1.17.0\STM32CubeIDE\plugins\com.st.stm32cube.common.mx_6.14.1.202504091515\db\plugins\mcufinder\reactClient1\index.html
2025-04-24 20:35:44,965 [INFO] UserAuth:484 - Internet connection configuration mode: 1
2025-04-24 20:35:44,988 [INFO] WebApp:191 - Connection restablished
2025-04-24 20:35:46,897 [WARN] PackLoader:240 - Cannot read IP mode file for STMicroelectronics.FP-SNS-MOTENVWB1.1.4.0
2025-04-24 20:35:46,902 [WARN] PackLoader:240 - Cannot read IP mode file for STMicroelectronics.FP-ATR-ASTRA1.2.0.2
2025-04-24 20:35:46,904 [WARN] PackLoader:240 - Cannot read IP mode file for STMicroelectronics.FP-ATR-ASTRA1.2.0.1
2025-04-24 20:35:46,908 [WARN] PackLoader:240 - Cannot read IP mode file for STMicroelectronics.X-CUBE-SMBUS.2.1.0
2025-04-24 20:35:46,912 [WARN] PackLoader:240 - Cannot read IP mode file for STMicroelectronics.X-CUBE-WB05N.1.1.0
2025-04-24 20:35:46,929 [WARN] PackLoader:240 - Cannot read IP mode file for STMicroelectronics.X-CUBE-AZRTOS-F7.1.1.0
2025-04-24 20:35:46,933 [WARN] PackLoader:240 - Cannot read IP mode file for STMicroelectronics.FP-SNS-FLIGHT1.5.0.2
2025-04-24 20:35:46,948 [WARN] PackLoader:240 - Cannot read IP mode file for Infineon.AIROC-Wi-Fi-Bluetooth-STM32.1.7.0
2025-04-24 20:35:46,956 [WARN] PackLoader:240 - Cannot read IP mode file for STMicroelectronics.X-CUBE-DISPLAY.3.0.0
2025-04-24 20:35:46,961 [WARN] PackLoader:240 - Cannot read IP mode file for STMicroelectronics.X-CUBE-BLE1.7.0.0
2025-04-24 20:35:46,965 [WARN] PackLoader:240 - Cannot read IP mode file for STMicroelectronics.X-CUBE-NFC10.1.0.0
2025-04-24 20:35:46,973 [WARN] PackLoader:240 - Cannot read IP mode file for STMicroelectronics.X-CUBE-BLEMGR.4.0.0
2025-04-24 20:35:46,978 [WARN] PackLoader:240 - Cannot read IP mode file for emotas.I-CUBE-CANOPEN.1.3.0
2025-04-24 20:35:46,982 [WARN] PackLoader:240 - Cannot read IP mode file for STMicroelectronics.X-CUBE-AI.10.0.0
2025-04-24 20:35:46,985 [WARN] PackLoader:240 - Cannot read IP mode file for STMicroelectronics.FP-SNS-SMARTAG2.1.2.0
2025-04-24 20:35:46,987 [WARN] PackLoader:240 - Cannot read IP mode file for STMicroelectronics.FP-SNS-FLIGHT1.5.1.0
2025-04-24 20:35:47,009 [WARN] PackLoader:240 - Cannot read IP mode file for STMicroelectronics.X-CUBE-MEMS1.11.1.0
2025-04-24 20:35:47,063 [INFO] LogOutputStream:77 - [STDOUT_REDIRECT] 1 : Invalid condition id : UX_CORESTACK_Condition cause : null
2025-04-24 20:35:47,063 [INFO] LogOutputStream:77 - [STDOUT_REDIRECT] 1 : Invalid condition id : UX_CORESTACK_Condition cause : null
2025-04-24 20:35:47,064 [INFO] LogOutputStream:77 - [STDOUT_REDIRECT] 1 : Invalid condition id : UX_CORESTACK_Condition cause : null
2025-04-24 20:35:47,065 [INFO] LogOutputStream:77 - [STDOUT_REDIRECT] 1 : Invalid condition id : UX_CORESTACK_Condition cause : null
2025-04-24 20:35:47,065 [INFO] LogOutputStream:77 - [STDOUT_REDIRECT] 1 : Invalid condition id : UX_CORESTACK_Condition cause : null
2025-04-24 20:35:47,066 [WARN] PackLoader:240 - Cannot read IP mode file for STMicroelectronics.X-CUBE-AZRTOS-WL.2.0.0
2025-04-24 20:35:47,070 [WARN] PackLoader:240 - Cannot read IP mode file for STMicroelectronics.FP-SNS-MOTENV1.5.0.0
2025-04-24 20:35:47,072 [WARN] PackLoader:240 - Cannot read IP mode file for wolfSSL.I-CUBE-wolfMQTT.1.19.0
2025-04-24 20:35:47,078 [WARN] PackLoader:240 - Cannot read IP mode file for WES.I-CUBE-Cesium.1.3.0
2025-04-24 20:35:47,081 [WARN] PackLoader:240 - Cannot read IP mode file for STMicroelectronics.X-CUBE-BLE2.3.3.0
2025-04-24 20:35:47,084 [WARN] PackLoader:240 - Cannot read IP mode file for STMicroelectronics.X-CUBE-NFC9.1.0.0
2025-04-24 20:35:47,088 [WARN] PackLoader:240 - Cannot read IP mode file for STMicroelectronics.X-CUBE-BLE1.7.1.0
2025-04-24 20:35:47,113 [WARN] PackLoader:240 - Cannot read IP mode file for STMicroelectronics.X-CUBE-MEMS1.11.2.0
2025-04-24 20:35:47,178 [WARN] PackLoader:240 - Cannot read IP mode file for STMicroelectronics.X-CUBE-AZRTOS-G0.1.1.0
2025-04-24 20:35:47,182 [WARN] PackLoader:240 - Cannot read IP mode file for STMicroelectronics.X-CUBE-SAFEA1.1.2.2
2025-04-24 20:35:47,186 [WARN] PackLoader:240 - Cannot read IP mode file for STMicroelectronics.X-CUBE-NFC4.3.0.0
2025-04-24 20:35:47,193 [WARN] PackLoader:240 - Cannot read IP mode file for EmbeddedOffice.I-CUBE-FS-RTOS.1.0.1
2025-04-24 20:35:47,196 [WARN] PackLoader:240 - Cannot read IP mode file for STMicroelectronics.X-CUBE-WB05N.2.0.0
2025-04-24 20:35:47,199 [WARN] PackLoader:240 - Cannot read IP mode file for STMicroelectronics.X-CUBE-TCPP.4.2.0
2025-04-24 20:35:47,202 [WARN] PackLoader:240 - Cannot read IP mode file for RealThread.X-CUBE-RT-Thread_Nano.4.1.1
2025-04-24 20:35:47,205 [WARN] PackLoader:240 - Cannot read IP mode file for STMicroelectronics.FP-ATR-SIGFOX1.3.2.0
2025-04-24 20:35:47,207 [WARN] ConditionMgr:438 - getConditionDescription Invalid condition id : Cortex-A Device cause : null
2025-04-24 20:35:47,217 [WARN] ConditionMgr:1044 - genDependencies : Invalid condition id : Cortex-A Device cause : null
2025-04-24 20:35:47,217 [WARN] ConditionMgr:1044 - genDependencies : Invalid condition id : Cortex-A Device cause : null
2025-04-24 20:35:47,217 [WARN] ConditionMgr:1044 - genDependencies : Invalid condition id : Cortex-A Device cause : null
2025-04-24 20:35:47,220 [WARN] PackLoader:240 - Cannot read IP mode file for STMicroelectronics.X-CUBE-EEPRMA1.5.1.0
2025-04-24 20:35:47,223 [WARN] PackLoader:240 - Cannot read IP mode file for wolfSSL.I-CUBE-wolfSSL.5.7.4
2025-04-24 20:35:47,226 [WARN] PackLoader:240 - Cannot read IP mode file for ITTIA_DB.I-CUBE-ITTIADB.8.9.0
2025-04-24 20:35:47,234 [WARN] PackLoader:240 - Cannot read IP mode file for SEGGER.I-CUBE-embOS.1.3.1
2025-04-24 20:35:47,247 [WARN] PackLoader:240 - Cannot read IP mode file for STMicroelectronics.X-CUBE-ALGOBUILD.1.4.0
2025-04-24 20:35:47,249 [WARN] PackLoader:240 - Cannot read IP mode file for STMicroelectronics.X-CUBE-AI.9.1.0
2025-04-24 20:35:47,256 [WARN] PackLoader:240 - Cannot read IP mode file for STMicroelectronics.X-CUBE-AZRTOS-F4.1.1.0
2025-04-24 20:35:47,259 [WARN] PackLoader:240 - Cannot read IP mode file for Avnet-IotConnect.X-CUBE-IoTC-DA16k-PMOD.1.0.0
2025-04-24 20:35:47,262 [WARN] PackLoader:240 - Cannot read IP mode file for STMicroelectronics.X-CUBE-ISPU.2.1.0
2025-04-24 20:35:47,267 [WARN] PackLoader:240 - Cannot read IP mode file for STMicroelectronics.X-CUBE-AZRTOS-L5.2.0.0
2025-04-24 20:35:47,272 [WARN] PackLoader:240 - Cannot read IP mode file for STMicroelectronics.X-CUBE-NFC6.3.1.0
2025-04-24 20:35:47,275 [WARN] PackLoader:240 - Cannot read IP mode file for STMicroelectronics.X-CUBE-DPower.1.2.0
2025-04-24 20:35:47,278 [WARN] PackLoader:240 - Cannot read IP mode file for STMicroelectronics.X-CUBE-FREERTOS.1.3.0
2025-04-24 20:35:47,280 [WARN] PackLoader:240 - Cannot read IP mode file for STMicroelectronics.X-CUBE-NFC7.1.0.1
2025-04-24 20:35:47,283 [WARN] PackLoader:240 - Cannot read IP mode file for STMicroelectronics.X-CUBE-DPower.1.3.0
2025-04-24 20:35:47,289 [WARN] ConditionMgr:438 - getConditionDescription Invalid condition id : LAN8742 Phy interface Condition cause : null
2025-04-24 20:35:47,289 [WARN] PackLoader:240 - Cannot read IP mode file for STMicroelectronics.X-CUBE-AZRTOS-L4.2.0.0
2025-04-24 20:35:47,289 [WARN] ConditionMgr:1044 - genDependencies : Invalid condition id : LAN8742 Phy interface Condition cause : null
2025-04-24 20:35:47,289 [WARN] ConditionMgr:1044 - genDependencies : Invalid condition id : LAN8742 Phy interface Condition cause : null
2025-04-24 20:35:47,289 [WARN] ConditionMgr:1044 - genDependencies : Invalid condition id : LAN8742 Phy interface Condition cause : null
2025-04-24 20:35:47,293 [WARN] PackLoader:240 - Cannot read IP mode file for STMicroelectronics.X-CUBE-SFXS2LP1.4.0.0
2025-04-24 20:35:47,300 [WARN] PackLoader:240 - Cannot read IP mode file for STMicroelectronics.X-CUBE-AZRTOS-H7.3.3.0
2025-04-24 20:35:47,307 [WARN] PackLoader:240 - Cannot read IP mode file for STMicroelectronics.X-CUBE-IPS.3.0.0
2025-04-24 20:35:47,313 [WARN] ConditionMgr:438 - getConditionDescription Invalid condition id : UX DEVICE CLASS RTOS Condition cause : null
2025-04-24 20:35:47,313 [WARN] ConditionMgr:438 - getConditionDescription Invalid condition id : UX DEVICE CLASS RTOS Condition cause : null
2025-04-24 20:35:47,313 [WARN] PackLoader:240 - Cannot read IP mode file for STMicroelectronics.X-CUBE-AZRTOS-WB.2.0.0
2025-04-24 20:35:47,313 [WARN] ConditionMgr:1044 - genDependencies : Invalid condition id : UX DEVICE CLASS RTOS Condition cause : null
2025-04-24 20:35:47,314 [WARN] ConditionMgr:1044 - genDependencies : Invalid condition id : UX DEVICE CLASS RTOS Condition cause : null
2025-04-24 20:35:47,314 [WARN] ConditionMgr:1044 - genDependencies : Invalid condition id : UX DEVICE CLASS RTOS Condition cause : null
2025-04-24 20:35:47,314 [WARN] ConditionMgr:1044 - genDependencies : Invalid condition id : UX DEVICE CLASS RTOS Condition cause : null
2025-04-24 20:35:47,314 [WARN] ConditionMgr:1044 - genDependencies : Invalid condition id : UX DEVICE CLASS RTOS Condition cause : null
2025-04-24 20:35:47,321 [WARN] PackLoader:240 - Cannot read IP mode file for STMicroelectronics.X-CUBE-GNSS1.7.0.1
2025-04-24 20:35:47,328 [WARN] PackLoader:240 - Cannot read IP mode file for STMicroelectronics.X-CUBE-TOUCHGFX.4.25.0
2025-04-24 20:35:47,331 [WARN] PackLoader:240 - Cannot read IP mode file for STMicroelectronics.FP-SNS-STBOX1.2.0.0
2025-04-24 20:35:47,336 [WARN] PackLoader:240 - Cannot read IP mode file for STMicroelectronics.X-CUBE-SUBG2.5.0.0
2025-04-24 20:35:47,345 [WARN] PackLoader:240 - Cannot read IP mode file for STMicroelectronics.X-CUBE-AZRTOS-H7RS.1.1.0
2025-04-24 20:35:47,348 [WARN] PackLoader:240 - Cannot read IP mode file for Cesanta.I-CUBE-Mongoose.7.13.0
2025-04-24 20:35:47,354 [WARN] PackLoader:240 - Cannot read IP mode file for STMicroelectronics.X-CUBE-AZRTOS-G4.2.0.0
2025-04-24 20:35:47,358 [WARN] PackLoader:240 - Cannot read IP mode file for STMicroelectronics.X-CUBE-IPS.3.1.0
2025-04-24 20:35:47,362 [WARN] PackLoader:240 - Cannot read IP mode file for STMicroelectronics.X-CUBE-ALS.1.0.2
2025-04-24 20:35:47,364 [WARN] PackLoader:240 - Cannot read IP mode file for STMicroelectronics.X-CUBE-TOUCHGFX.4.24.2
2025-04-24 20:35:47,365 [WARN] PackLoader:240 - Cannot read IP mode file for STMicroelectronics.X-CUBE-TOUCHGFX.4.24.1
2025-04-24 20:35:47,367 [WARN] PackLoader:240 - Cannot read IP mode file for wolfSSL.I-CUBE-wolfTPM.3.4.0
2025-04-24 20:35:47,371 [WARN] PackLoader:240 - Cannot read IP mode file for portGmbH.I-Cube-SoM-uGOAL.1.1.0
2025-04-24 20:35:47,377 [WARN] PackLoader:240 - Cannot read IP mode file for STMicroelectronics.X-CUBE-AZRTOS-H7RS.1.0.0
2025-04-24 20:35:47,382 [WARN] PackLoader:240 - Cannot read IP mode file for STMicroelectronics.X-CUBE-TOF1.3.4.2
2025-04-24 20:35:47,389 [WARN] PackLoader:240 - Cannot read IP mode file for STMicroelectronics.X-CUBE-TOF1.3.4.3
2025-04-24 20:35:47,394 [WARN] PackLoader:240 - Cannot read IP mode file for wolfSSL.I-CUBE-wolfSSH.1.4.17
2025-04-24 20:35:47,394 [INFO] ThirdParty:978 - Integrity check success = true
2025-04-24 20:35:47,394 [INFO] IntegrityCheckThread:100 - exiting critical section [integrity check]
2025-04-24 20:35:47,394 [INFO] IntegrityCheckThread:103 - End integrity checks thread
2025-04-24 20:43:18,484 [INFO] WebApp:194 - Connection lost
2025-04-24 20:43:18,624 [INFO] WebApp:191 - Connection restablished
2025-04-24 21:15:54,637 [ERROR] LogOutputStream:75 - [STDERR_REDIRECT] 
