2025-04-20 11:02:46,193 [INFO] Activator:176 - 


2025-04-20 11:02:46,199 [INFO] Activator:177 - !SESSION log4j initialized
2025-04-20 11:02:50,395 [INFO] LogOutputStream:77 - [STDOUT_REDIRECT] 
2025-04-20 11:02:56,319 [INFO] ApplicationProperties:184 - Using Application install path: C:\ST\STM32CubeIDE_1.17.0\STM32CubeIDE\plugins\com.st.stm32cube.common.mx_6.14.1.202504091515
2025-04-20 11:02:56,333 [INFO] DbMcusXml:78 - Set database path to: C:\ST\STM32CubeIDE_1.17.0\STM32CubeIDE\plugins\com.st.stm32cube.common.mx_6.14.1.202504091515\\db\/mcu/
2025-04-20 11:02:56,333 [INFO] ApiDb:274 - Set plugin database path to: C:\ST\STM32CubeIDE_1.17.0\STM32CubeIDE\plugins\com.st.stm32cube.common.mx_6.14.1.202504091515\\db\/plugins/boardmanager/
2025-04-20 11:02:56,334 [WARN] ApiDb:259 - Overriding images path with different value:  => C:\ST\STM32CubeIDE_1.17.0\STM32CubeIDE\plugins\com.st.stm32cube.common.mx_6.14.1.202504091515\\db\/plugins/mcufinder/images/
2025-04-20 11:02:56,342 [INFO] ApiDb:250 - Set database path to: C:\Users\stoff\.stmcufinder\plugins\mcufinder//mcu/
2025-04-20 11:02:56,343 [INFO] DbMcusAds:125 - Set database path to: C:\Users\stoff\.stmcufinder\plugins\mcufinder//mcu/
2025-04-20 11:02:56,345 [INFO] CrossReferenceDbSqlite:203 - Set database path to: C:\Users\stoff\.stmcufinder\plugins\mcufinder//mcu/cs/
2025-04-20 11:02:56,429 [INFO] RulesReader:64 - Compatibility file has been processed (302 Rules)
2025-04-20 11:02:56,500 [INFO] DbMcusXml:78 - Set database path to: C:\ST\STM32CubeIDE_1.17.0\STM32CubeIDE\plugins\com.st.stm32cube.common.mx_6.14.1.202504091515\\db\/mcu/
2025-04-20 11:02:56,500 [INFO] ApiDb:274 - Set plugin database path to: C:\ST\STM32CubeIDE_1.17.0\STM32CubeIDE\plugins\com.st.stm32cube.common.mx_6.14.1.202504091515\\db\/plugins/boardmanager/
2025-04-20 11:02:56,500 [INFO] ApiDb:261 - Set plugin images path to: C:\ST\STM32CubeIDE_1.17.0\STM32CubeIDE\plugins\com.st.stm32cube.common.mx_6.14.1.202504091515\\db\/plugins/mcufinder/images/
2025-04-20 11:02:56,500 [WARN] DbFile:41 - Overriding database path with different value: C:\Users\stoff\.stmcufinder\plugins\mcufinder/ => C:\Users\stoff\.stmcufinder\plugins\mcufinder
2025-04-20 11:02:56,500 [INFO] ApiDb:250 - Set database path to: C:\Users\stoff\.stmcufinder\plugins\mcufinder//mcu/
2025-04-20 11:02:56,500 [WARN] DbFile:41 - Overriding database path with different value: C:\Users\stoff\.stmcufinder\plugins\mcufinder/ => C:\Users\stoff\.stmcufinder\plugins\mcufinder
2025-04-20 11:02:56,500 [INFO] DbMcusAds:125 - Set database path to: C:\Users\stoff\.stmcufinder\plugins\mcufinder//mcu/
2025-04-20 11:02:56,500 [WARN] DbFile:41 - Overriding database path with different value: C:\Users\stoff\.stmcufinder\plugins\mcufinder/ => C:\Users\stoff\.stmcufinder\plugins\mcufinder
2025-04-20 11:02:56,500 [WARN] DbFile:41 - Overriding database path with different value: C:\Users\stoff\.stmcufinder\plugins\mcufinder/ => C:\Users\stoff\.stmcufinder\plugins\mcufinder
2025-04-20 11:02:56,501 [INFO] CrossReferenceDbSqlite:203 - Set database path to: C:\Users\stoff\.stmcufinder\plugins\mcufinder//mcu/cs/
2025-04-20 11:02:56,553 [INFO] MainPanel:272 - HeapMemory: 268435456
2025-04-20 11:02:56,626 [INFO] DbMcusXml:78 - Set database path to: C:\ST\STM32CubeIDE_1.17.0\STM32CubeIDE\plugins\com.st.stm32cube.common.mx_6.14.1.202504091515\\db\/mcu/
2025-04-20 11:02:56,626 [INFO] ApiDb:274 - Set plugin database path to: C:\ST\STM32CubeIDE_1.17.0\STM32CubeIDE\plugins\com.st.stm32cube.common.mx_6.14.1.202504091515\\db\/plugins/boardmanager/
2025-04-20 11:02:56,626 [INFO] ApiDb:261 - Set plugin images path to: C:\ST\STM32CubeIDE_1.17.0\STM32CubeIDE\plugins\com.st.stm32cube.common.mx_6.14.1.202504091515\\db\/plugins/mcufinder/images/
2025-04-20 11:02:56,626 [WARN] DbFile:41 - Overriding database path with different value: C:\Users\stoff\.stmcufinder\plugins\mcufinder/ => C:\Users\stoff\.stmcufinder\plugins\mcufinder
2025-04-20 11:02:56,626 [INFO] ApiDb:250 - Set database path to: C:\Users\stoff\.stmcufinder\plugins\mcufinder//mcu/
2025-04-20 11:02:56,626 [WARN] DbFile:41 - Overriding database path with different value: C:\Users\stoff\.stmcufinder\plugins\mcufinder/ => C:\Users\stoff\.stmcufinder\plugins\mcufinder
2025-04-20 11:02:56,626 [INFO] DbMcusAds:125 - Set database path to: C:\Users\stoff\.stmcufinder\plugins\mcufinder//mcu/
2025-04-20 11:02:56,627 [WARN] DbFile:41 - Overriding database path with different value: C:\Users\stoff\.stmcufinder\plugins\mcufinder/ => C:\Users\stoff\.stmcufinder\plugins\mcufinder
2025-04-20 11:02:56,627 [WARN] DbFile:41 - Overriding database path with different value: C:\Users\stoff\.stmcufinder\plugins\mcufinder/ => C:\Users\stoff\.stmcufinder\plugins\mcufinder
2025-04-20 11:02:56,627 [INFO] CrossReferenceDbSqlite:203 - Set database path to: C:\Users\stoff\.stmcufinder\plugins\mcufinder//mcu/cs/
2025-04-20 11:02:56,639 [INFO] ApplicationProperties:184 - Using Application install path: C:\ST\STM32CubeIDE_1.17.0\STM32CubeIDE\plugins\com.st.stm32cube.common.mx_6.14.1.202504091515
2025-04-20 11:02:56,640 [INFO] PluginManage:196 - Search for loadable plugins [exclusion list=, ]
2025-04-20 11:02:56,641 [INFO] PluginManage:310 - Check plugin analytics
2025-04-20 11:03:01,777 [INFO] AnalyticsPlugin:253 - Accepted Software Licenses: 
2025-04-20 11:03:01,778 [INFO] AnalyticsPlugin:255 - Accepted CMSIS Pack Licenses: 
2025-04-20 11:03:01,778 [INFO] AnalyticsPlugin:257 - Accepted Firmware Licenses: 
2025-04-20 11:03:01,781 [INFO] PluginManage:359 - Loaded plugin analytics (category:tool,tabindex:-1)
2025-04-20 11:03:01,781 [INFO] PluginManage:310 - Check plugin cadmodel
2025-04-20 11:03:01,789 [INFO] CADModel:105 - Init CAD model plugin
2025-04-20 11:03:01,789 [INFO] PluginManage:359 - Loaded plugin cadmodel (category:power,tabindex:5)
2025-04-20 11:03:01,789 [INFO] PluginManage:310 - Check plugin clock
2025-04-20 11:03:01,803 [INFO] PluginManage:359 - Loaded plugin clock (category:base,tabindex:2)
2025-04-20 11:03:01,803 [INFO] PluginManage:310 - Check plugin ddr
2025-04-20 11:03:01,808 [INFO] PluginManage:359 - Loaded plugin ddr (category:tool,tabindex:6)
2025-04-20 11:03:01,809 [INFO] PluginManage:310 - Check plugin filemanager
2025-04-20 11:03:02,033 [INFO] PluginManage:359 - Loaded plugin filemanager (category:base,tabindex:10)
2025-04-20 11:03:02,033 [INFO] PluginManage:310 - Check plugin ipmanager
2025-04-20 11:03:02,042 [INFO] PluginManage:359 - Loaded plugin ipmanager (category:base,tabindex:5)
2025-04-20 11:03:02,042 [INFO] PluginManage:310 - Check plugin lpbam
2025-04-20 11:03:02,065 [INFO] PluginManage:359 - Loaded plugin lpbam (category:base,tabindex:0)
2025-04-20 11:03:02,066 [INFO] PluginManage:310 - Check plugin memorymap
2025-04-20 11:03:02,107 [INFO] PluginManage:359 - Loaded plugin memorymap (category:base,tabindex:4)
2025-04-20 11:03:02,107 [INFO] PluginManage:310 - Check plugin pinoutandconfiguration
2025-04-20 11:03:02,132 [INFO] PluginManage:359 - Loaded plugin pinoutandconfiguration (category:base,tabindex:1)
2025-04-20 11:03:02,133 [INFO] PluginManage:310 - Check plugin pinoutconfig
2025-04-20 11:03:02,254 [WARN] SupportedApi:132 - Cannot load RTOS API schema: s4s-elt-must-match.1: The content of 'definitions' must match (annotation?, (simpleType | complexType)?, (unique | key | keyref)*)). A problem was found starting at: attribute.
2025-04-20 11:03:02,422 [INFO] PluginManage:359 - Loaded plugin pinoutconfig (category:base,tabindex:0)
2025-04-20 11:03:02,423 [INFO] PluginManage:310 - Check plugin power
2025-04-20 11:03:02,442 [INFO] PluginManage:359 - Loaded plugin power (category:power,tabindex:4)
2025-04-20 11:03:02,442 [INFO] PluginManage:310 - Check plugin projectmanager
2025-04-20 11:03:02,466 [INFO] PluginManage:359 - Loaded plugin projectmanager (category:projectmanager,tabindex:4)
2025-04-20 11:03:02,466 [INFO] PluginManage:310 - Check plugin rif
2025-04-20 11:03:02,481 [INFO] PluginManage:359 - Loaded plugin rif (category:base,tabindex:3)
2025-04-20 11:03:02,483 [INFO] PluginManage:310 - Check plugin thirdparty
2025-04-20 11:03:02,690 [INFO] PluginManage:359 - Loaded plugin thirdparty (category:base,tabindex:-1)
2025-04-20 11:03:02,690 [WARN] IntegrityCheckThread:84 - waiting for thirdparty lock release [integrity check]
2025-04-20 11:03:02,690 [INFO] IntegrityCheckThread:86 - entering critical section [integrity check]
2025-04-20 11:03:02,690 [INFO] PluginManage:310 - Check plugin tools
2025-04-20 11:03:02,691 [INFO] ThirdPartyUpdaterWithRetryManager:70 - Updater plugin not ready yet. [1/15]
2025-04-20 11:03:02,693 [INFO] PluginManage:359 - Loaded plugin tools (category:base,tabindex:7)
2025-04-20 11:03:02,693 [INFO] PluginManage:310 - Check plugin tutovideos
2025-04-20 11:03:02,865 [INFO] PluginManage:359 - Loaded plugin tutovideos (category:base,tabindex:-1)
2025-04-20 11:03:02,865 [INFO] PluginManage:310 - Check plugin updater
2025-04-20 11:03:02,897 [INFO] PluginManage:359 - Loaded plugin updater (category:base,tabindex:12)
2025-04-20 11:03:02,897 [INFO] PluginManage:310 - Check plugin userauth
2025-04-20 11:03:02,905 [INFO] UserAuth:118 - Init User Auth plugin
2025-04-20 11:03:02,906 [INFO] PluginManage:359 - Loaded plugin userauth (category:base,tabindex:14)
2025-04-20 11:03:02,906 [INFO] PluginManage:283 - PluginManage : Loaded plugins [18]
2025-04-20 11:03:03,174 [INFO] PinOutPanel:1589 - setPackage(No Configuration,No Configuration)
2025-04-20 11:03:03,271 [INFO] CADModel:165 - CPN selected for project level
2025-04-20 11:03:03,271 [INFO] CADModel:114 - Register for checkConnection events
2025-04-20 11:03:03,289 [INFO] IPUIPlugin:80 - create IPUIPlugin
2025-04-20 11:03:03,289 [INFO] PluginManager:220 - loadIPPluginJar : add adc
2025-04-20 11:03:03,292 [INFO] IPUIPlugin:80 - create IPUIPlugin
2025-04-20 11:03:03,292 [INFO] PluginManager:220 - loadIPPluginJar : add aes
2025-04-20 11:03:03,298 [INFO] IPUIPlugin:80 - create IPUIPlugin
2025-04-20 11:03:03,298 [INFO] PluginManager:220 - loadIPPluginJar : add can
2025-04-20 11:03:03,302 [INFO] IPUIPlugin:80 - create IPUIPlugin
2025-04-20 11:03:03,302 [INFO] PluginManager:220 - loadIPPluginJar : add comp
2025-04-20 11:03:03,306 [INFO] IPUIPlugin:80 - create IPUIPlugin
2025-04-20 11:03:03,307 [INFO] PluginManager:220 - loadIPPluginJar : add cryp
2025-04-20 11:03:03,311 [INFO] IPUIPlugin:80 - create IPUIPlugin
2025-04-20 11:03:03,311 [INFO] PluginManager:220 - loadIPPluginJar : add ddr_ctrl_phy
2025-04-20 11:03:03,315 [INFO] IPUIPlugin:80 - create IPUIPlugin
2025-04-20 11:03:03,315 [INFO] PluginManager:220 - loadIPPluginJar : add dfsdm
2025-04-20 11:03:03,324 [INFO] IPUIPlugin:80 - create IPUIPlugin
2025-04-20 11:03:03,326 [INFO] PluginManager:220 - loadIPPluginJar : add dma
2025-04-20 11:03:03,332 [INFO] IPUIPlugin:80 - create IPUIPlugin
2025-04-20 11:03:03,332 [INFO] PluginManager:220 - loadIPPluginJar : add dma3
2025-04-20 11:03:03,334 [INFO] IPUIPlugin:80 - create IPUIPlugin
2025-04-20 11:03:03,335 [INFO] PluginManager:220 - loadIPPluginJar : add extmemmanager
2025-04-20 11:03:03,336 [INFO] IPUIPlugin:80 - create IPUIPlugin
2025-04-20 11:03:03,336 [INFO] PluginManager:220 - loadIPPluginJar : add fatfs
2025-04-20 11:03:03,345 [INFO] IPUIPlugin:80 - create IPUIPlugin
2025-04-20 11:03:03,345 [INFO] PluginManager:220 - loadIPPluginJar : add fmc
2025-04-20 11:03:03,356 [INFO] IPUIPlugin:80 - create IPUIPlugin
2025-04-20 11:03:03,356 [INFO] PluginManager:220 - loadIPPluginJar : add freertos
2025-04-20 11:03:03,359 [INFO] IPUIPlugin:80 - create IPUIPlugin
2025-04-20 11:03:03,359 [INFO] PluginManager:220 - loadIPPluginJar : add genericplugin
2025-04-20 11:03:03,363 [INFO] IPUIPlugin:80 - create IPUIPlugin
2025-04-20 11:03:03,363 [INFO] PluginManager:220 - loadIPPluginJar : add gfxmmu
2025-04-20 11:03:03,370 [INFO] IPUIPlugin:80 - create IPUIPlugin
2025-04-20 11:03:03,371 [INFO] PluginManager:220 - loadIPPluginJar : add gic
2025-04-20 11:03:03,375 [INFO] IPUIPlugin:80 - create IPUIPlugin
2025-04-20 11:03:03,375 [INFO] PluginManager:220 - loadIPPluginJar : add gpio
2025-04-20 11:03:03,381 [INFO] IPUIPlugin:80 - create IPUIPlugin
2025-04-20 11:03:03,381 [INFO] PluginManager:220 - loadIPPluginJar : add gtzc
2025-04-20 11:03:03,388 [INFO] IPUIPlugin:80 - create IPUIPlugin
2025-04-20 11:03:03,388 [INFO] PluginManager:220 - loadIPPluginJar : add hash
2025-04-20 11:03:03,390 [INFO] IPUIPlugin:80 - create IPUIPlugin
2025-04-20 11:03:03,391 [INFO] PluginManager:220 - loadIPPluginJar : add i2c
2025-04-20 11:03:03,393 [INFO] IPUIPlugin:80 - create IPUIPlugin
2025-04-20 11:03:03,394 [INFO] PluginManager:220 - loadIPPluginJar : add i2s
2025-04-20 11:03:03,397 [INFO] IPUIPlugin:80 - create IPUIPlugin
2025-04-20 11:03:03,397 [INFO] PluginManager:220 - loadIPPluginJar : add i3c
2025-04-20 11:03:03,400 [INFO] IPUIPlugin:80 - create IPUIPlugin
2025-04-20 11:03:03,400 [INFO] PluginManager:220 - loadIPPluginJar : add ipddr
2025-04-20 11:03:03,408 [INFO] IPUIPlugin:80 - create IPUIPlugin
2025-04-20 11:03:03,408 [INFO] PluginManager:220 - loadIPPluginJar : add linkedlist
2025-04-20 11:03:03,412 [INFO] IPUIPlugin:80 - create IPUIPlugin
2025-04-20 11:03:03,412 [INFO] PluginManager:220 - loadIPPluginJar : add lorawan
2025-04-20 11:03:03,414 [INFO] IPUIPlugin:80 - create IPUIPlugin
2025-04-20 11:03:03,414 [INFO] PluginManager:220 - loadIPPluginJar : add ltdc
2025-04-20 11:03:03,419 [INFO] IPUIPlugin:80 - create IPUIPlugin
2025-04-20 11:03:03,419 [INFO] PluginManager:220 - loadIPPluginJar : add mdma
2025-04-20 11:03:03,425 [INFO] IPUIPlugin:80 - create IPUIPlugin
2025-04-20 11:03:03,425 [INFO] PluginManager:220 - loadIPPluginJar : add nvic
2025-04-20 11:03:03,428 [INFO] IPUIPlugin:80 - create IPUIPlugin
2025-04-20 11:03:03,428 [INFO] PluginManager:220 - loadIPPluginJar : add opamp
2025-04-20 11:03:03,431 [INFO] IPUIPlugin:80 - create IPUIPlugin
2025-04-20 11:03:03,431 [INFO] PluginManager:220 - loadIPPluginJar : add openamp
2025-04-20 11:03:03,434 [INFO] IPUIPlugin:80 - create IPUIPlugin
2025-04-20 11:03:03,434 [INFO] PluginManager:220 - loadIPPluginJar : add pdm2pcm
2025-04-20 11:03:03,440 [INFO] IPUIPlugin:80 - create IPUIPlugin
2025-04-20 11:03:03,442 [INFO] PluginManager:220 - loadIPPluginJar : add plateformsettings
2025-04-20 11:03:03,445 [INFO] IPUIPlugin:80 - create IPUIPlugin
2025-04-20 11:03:03,445 [INFO] PluginManager:220 - loadIPPluginJar : add quadspi
2025-04-20 11:03:03,447 [INFO] IPUIPlugin:80 - create IPUIPlugin
2025-04-20 11:03:03,447 [INFO] PluginManager:220 - loadIPPluginJar : add radio
2025-04-20 11:03:03,451 [INFO] IPUIPlugin:80 - create IPUIPlugin
2025-04-20 11:03:03,451 [INFO] PluginManager:220 - loadIPPluginJar : add resmgrutility
2025-04-20 11:03:03,455 [INFO] IPUIPlugin:80 - create IPUIPlugin
2025-04-20 11:03:03,455 [INFO] PluginManager:220 - loadIPPluginJar : add sai
2025-04-20 11:03:03,457 [INFO] IPUIPlugin:80 - create IPUIPlugin
2025-04-20 11:03:03,457 [INFO] PluginManager:220 - loadIPPluginJar : add spi
2025-04-20 11:03:03,464 [INFO] IPUIPlugin:80 - create IPUIPlugin
2025-04-20 11:03:03,464 [INFO] PluginManager:220 - loadIPPluginJar : add stm32_wpan
2025-04-20 11:03:03,469 [INFO] IPUIPlugin:80 - create IPUIPlugin
2025-04-20 11:03:03,469 [INFO] PluginManager:220 - loadIPPluginJar : add tim
2025-04-20 11:03:03,475 [INFO] IPUIPlugin:80 - create IPUIPlugin
2025-04-20 11:03:03,476 [INFO] PluginManager:220 - loadIPPluginJar : add touchsensing
2025-04-20 11:03:03,478 [INFO] IPUIPlugin:80 - create IPUIPlugin
2025-04-20 11:03:03,478 [INFO] PluginManager:220 - loadIPPluginJar : add tracer_emb
2025-04-20 11:03:03,481 [INFO] IPUIPlugin:80 - create IPUIPlugin
2025-04-20 11:03:03,481 [INFO] PluginManager:220 - loadIPPluginJar : add ts
2025-04-20 11:03:03,486 [INFO] IPUIPlugin:80 - create IPUIPlugin
2025-04-20 11:03:03,487 [INFO] PluginManager:220 - loadIPPluginJar : add tsc
2025-04-20 11:03:03,490 [INFO] IPUIPlugin:80 - create IPUIPlugin
2025-04-20 11:03:03,490 [INFO] PluginManager:220 - loadIPPluginJar : add ucpd
2025-04-20 11:03:03,494 [INFO] IPUIPlugin:80 - create IPUIPlugin
2025-04-20 11:03:03,494 [INFO] PluginManager:220 - loadIPPluginJar : add usart
2025-04-20 11:03:03,505 [INFO] IPUIPlugin:80 - create IPUIPlugin
2025-04-20 11:03:03,505 [INFO] PluginManager:220 - loadIPPluginJar : add usbx
2025-04-20 11:03:03,652 [FATAL] Updater:351 - Updater called before beeing initialized
2025-04-20 11:03:03,686 [INFO] RulesReader:64 - Compatibility file has been processed (302 Rules)
2025-04-20 11:03:03,720 [INFO] RulesReader:64 - Compatibility file has been processed (302 Rules)
2025-04-20 11:03:03,744 [INFO] CADModel:165 - CPN selected for project level
2025-04-20 11:03:03,744 [INFO] CADModel:114 - Register for checkConnection events
2025-04-20 11:03:03,744 [FATAL] Updater:351 - Updater called before beeing initialized
2025-04-20 11:03:03,744 [ERROR] CADModel:125 - Updater not yet initialized, retry later 
2025-04-20 11:03:03,966 [FATAL] Updater:351 - Updater called before beeing initialized
2025-04-20 11:03:03,969 [INFO] CADModel:165 - CPN selected for project level
2025-04-20 11:03:03,969 [INFO] CADModel:114 - Register for checkConnection events
2025-04-20 11:03:03,969 [FATAL] Updater:351 - Updater called before beeing initialized
2025-04-20 11:03:03,969 [ERROR] CADModel:125 - Updater not yet initialized, retry later 
2025-04-20 11:03:03,973 [FATAL] Updater:351 - Updater called before beeing initialized
2025-04-20 11:03:04,101 [FATAL] Updater:351 - Updater called before beeing initialized
2025-04-20 11:03:04,105 [INFO] DbMcusAds:53 - JSON generation date=Thu Mar 06 15:54:22 CET 2025 (1741272862204)
2025-04-20 11:03:04,106 [FATAL] Updater:351 - Updater called before beeing initialized
2025-04-20 11:03:04,153 [WARN] DetailPanel:346 - Failed to get advertising image, set to default
2025-04-20 11:03:04,412 [FATAL] Updater:351 - Updater called before beeing initialized
2025-04-20 11:03:04,415 [FATAL] Updater:351 - Updater called before beeing initialized
2025-04-20 11:03:04,415 [FATAL] Updater:351 - Updater called before beeing initialized
2025-04-20 11:03:04,415 [WARN] DetailPanel:346 - Failed to get advertising image, set to default
2025-04-20 11:03:04,416 [FATAL] Updater:351 - Updater called before beeing initialized
2025-04-20 11:03:04,479 [ERROR] Updater:1198 - MainUpdater not yet initialized. External WinMGr cannot be set.
2025-04-20 11:03:04,483 [INFO] Updater:1134 - Updater Version found : 6.14.1
2025-04-20 11:03:04,508 [INFO] ApplicationProperties:184 - Using Application install path: C:\ST\STM32CubeIDE_1.17.0\STM32CubeIDE\plugins\com.st.stm32cube.common.mx_6.14.1.202504091515
2025-04-20 11:03:05,694 [INFO] ThirdPartyUpdaterWithRetryManager:70 - Updater plugin not ready yet. [2/15]
2025-04-20 11:03:06,100 [ERROR] LogOutputStream:75 - [STDERR_REDIRECT] Apr 20, 2025 11:03:06 AM java.util.prefs.WindowsPreferences <init>
2025-04-20 11:03:06,101 [ERROR] LogOutputStream:75 - [STDERR_REDIRECT] WARNING: Could not open/create prefs root node Software\JavaSoft\Prefs at root 0xffffffff80000002. Windows RegCreateKeyEx(...) returned error code 5.
2025-04-20 11:03:06,101 [ERROR] LogOutputStream:75 - [STDERR_REDIRECT] 
2025-04-20 11:03:06,742 [INFO] MainUpdater:2872 - connection check result : 10
2025-04-20 11:03:06,743 [INFO] MainUpdater:289 - Updater Check For Update Now.
2025-04-20 11:03:06,743 [INFO] MicroXplorer:498 - Change Database Version : DB.6.0.141
2025-04-20 11:03:06,819 [INFO] McuFinderGlobals:63 - Set McuFinder mode to 2 (CubeIDE integrated)
2025-04-20 11:03:06,820 [INFO] UserAuth:484 - Internet connection configuration mode: 1
2025-04-20 11:03:06,862 [INFO] JxBrowserEngine:152 - Initiate JxBrowser Engine with user profile folder
2025-04-20 11:03:07,024 [INFO] CheckServerUpdateThread:120 - End of CheckServer Thread
2025-04-20 11:03:07,580 [INFO] WebApp:169 - Instantiating new browser for Auth
2025-04-20 11:03:08,105 [INFO] WebApp:463 - Apply proxy settings
2025-04-20 11:03:08,105 [INFO] WebApp:548 - Chromium requires no authentication
2025-04-20 11:03:08,113 [INFO] WebApp:491 - Direct internet connection detected
2025-04-20 11:03:08,153 [INFO] WebApp:894 - Register for checkConnection events
2025-04-20 11:03:08,153 [INFO] WebApp:463 - Apply proxy settings
2025-04-20 11:03:08,153 [INFO] WebApp:548 - Chromium requires no authentication
2025-04-20 11:03:08,153 [INFO] WebApp:491 - Direct internet connection detected
2025-04-20 11:03:08,263 [INFO] WebApp:191 - Connection restablished
2025-04-20 11:03:08,388 [INFO] WebApp:225 - Starting web application
2025-04-20 11:03:08,388 [INFO] WebApp:593 - Web application path used C:\ST\STM32CubeIDE_1.17.0\STM32CubeIDE\plugins\com.st.stm32cube.common.mx_6.14.1.202504091515\db\plugins\mcufinder\reactClient1\index.html
2025-04-20 11:03:08,460 [INFO] UserAuth:484 - Internet connection configuration mode: 1
2025-04-20 11:03:09,025 [WARN] PackLoader:240 - Cannot read IP mode file for STMicroelectronics.FP-SNS-MOTENVWB1.1.4.0
2025-04-20 11:03:09,041 [WARN] PackLoader:240 - Cannot read IP mode file for STMicroelectronics.FP-ATR-ASTRA1.2.0.2
2025-04-20 11:03:09,046 [WARN] PackLoader:240 - Cannot read IP mode file for STMicroelectronics.FP-ATR-ASTRA1.2.0.1
2025-04-20 11:03:09,056 [WARN] PackLoader:240 - Cannot read IP mode file for STMicroelectronics.X-CUBE-SMBUS.2.1.0
2025-04-20 11:03:09,070 [WARN] PackLoader:240 - Cannot read IP mode file for STMicroelectronics.X-CUBE-WB05N.1.1.0
2025-04-20 11:03:09,111 [WARN] PackLoader:240 - Cannot read IP mode file for STMicroelectronics.X-CUBE-AZRTOS-F7.1.1.0
2025-04-20 11:03:09,121 [WARN] PackLoader:240 - Cannot read IP mode file for STMicroelectronics.FP-SNS-FLIGHT1.5.0.2
2025-04-20 11:03:09,146 [WARN] PackLoader:240 - Cannot read IP mode file for Infineon.AIROC-Wi-Fi-Bluetooth-STM32.1.7.0
2025-04-20 11:03:09,166 [WARN] PackLoader:240 - Cannot read IP mode file for STMicroelectronics.X-CUBE-DISPLAY.3.0.0
2025-04-20 11:03:09,179 [WARN] PackLoader:240 - Cannot read IP mode file for STMicroelectronics.X-CUBE-BLE1.7.0.0
2025-04-20 11:03:09,187 [WARN] PackLoader:240 - Cannot read IP mode file for STMicroelectronics.X-CUBE-NFC10.1.0.0
2025-04-20 11:03:09,198 [WARN] PackLoader:240 - Cannot read IP mode file for STMicroelectronics.X-CUBE-BLEMGR.4.0.0
2025-04-20 11:03:09,206 [WARN] PackLoader:240 - Cannot read IP mode file for emotas.I-CUBE-CANOPEN.1.3.0
2025-04-20 11:03:09,212 [WARN] PackLoader:240 - Cannot read IP mode file for STMicroelectronics.X-CUBE-AI.10.0.0
2025-04-20 11:03:09,223 [WARN] PackLoader:240 - Cannot read IP mode file for STMicroelectronics.FP-SNS-SMARTAG2.1.2.0
2025-04-20 11:03:09,228 [WARN] PackLoader:240 - Cannot read IP mode file for STMicroelectronics.FP-SNS-FLIGHT1.5.1.0
2025-04-20 11:03:09,283 [WARN] PackLoader:240 - Cannot read IP mode file for STMicroelectronics.X-CUBE-MEMS1.11.1.0
2025-04-20 11:03:09,471 [INFO] LogOutputStream:77 - [STDOUT_REDIRECT] 1 : Invalid condition id : UX_CORESTACK_Condition cause : null
2025-04-20 11:03:09,472 [INFO] LogOutputStream:77 - [STDOUT_REDIRECT] 1 : Invalid condition id : UX_CORESTACK_Condition cause : null
2025-04-20 11:03:09,474 [INFO] LogOutputStream:77 - [STDOUT_REDIRECT] 1 : Invalid condition id : UX_CORESTACK_Condition cause : null
2025-04-20 11:03:09,476 [INFO] LogOutputStream:77 - [STDOUT_REDIRECT] 1 : Invalid condition id : UX_CORESTACK_Condition cause : null
2025-04-20 11:03:09,477 [INFO] LogOutputStream:77 - [STDOUT_REDIRECT] 1 : Invalid condition id : UX_CORESTACK_Condition cause : null
2025-04-20 11:03:09,479 [WARN] PackLoader:240 - Cannot read IP mode file for STMicroelectronics.X-CUBE-AZRTOS-WL.2.0.0
2025-04-20 11:03:09,486 [WARN] PackLoader:240 - Cannot read IP mode file for STMicroelectronics.FP-SNS-MOTENV1.5.0.0
2025-04-20 11:03:09,494 [WARN] PackLoader:240 - Cannot read IP mode file for wolfSSL.I-CUBE-wolfMQTT.1.19.0
2025-04-20 11:03:09,506 [WARN] PackLoader:240 - Cannot read IP mode file for WES.I-CUBE-Cesium.1.3.0
2025-04-20 11:03:09,511 [WARN] PackLoader:240 - Cannot read IP mode file for STMicroelectronics.X-CUBE-BLE2.3.3.0
2025-04-20 11:03:09,516 [WARN] PackLoader:240 - Cannot read IP mode file for STMicroelectronics.X-CUBE-NFC9.1.0.0
2025-04-20 11:03:09,521 [WARN] PackLoader:240 - Cannot read IP mode file for STMicroelectronics.X-CUBE-BLE1.7.1.0
2025-04-20 11:03:09,569 [WARN] PackLoader:240 - Cannot read IP mode file for STMicroelectronics.X-CUBE-MEMS1.11.2.0
2025-04-20 11:03:09,675 [WARN] PackLoader:240 - Cannot read IP mode file for STMicroelectronics.X-CUBE-AZRTOS-G0.1.1.0
2025-04-20 11:03:09,683 [WARN] PackLoader:240 - Cannot read IP mode file for STMicroelectronics.X-CUBE-SAFEA1.1.2.2
2025-04-20 11:03:09,690 [WARN] PackLoader:240 - Cannot read IP mode file for STMicroelectronics.X-CUBE-NFC4.3.0.0
2025-04-20 11:03:09,698 [WARN] PackLoader:240 - Cannot read IP mode file for EmbeddedOffice.I-CUBE-FS-RTOS.1.0.1
2025-04-20 11:03:09,703 [WARN] PackLoader:240 - Cannot read IP mode file for STMicroelectronics.X-CUBE-TCPP.4.2.0
2025-04-20 11:03:09,716 [WARN] PackLoader:240 - Cannot read IP mode file for RealThread.X-CUBE-RT-Thread_Nano.4.1.1
2025-04-20 11:03:09,722 [WARN] PackLoader:240 - Cannot read IP mode file for STMicroelectronics.FP-ATR-SIGFOX1.3.2.0
2025-04-20 11:03:09,732 [WARN] ConditionMgr:438 - getConditionDescription Invalid condition id : Cortex-A Device cause : null
2025-04-20 11:03:09,765 [WARN] ConditionMgr:1044 - genDependencies : Invalid condition id : Cortex-A Device cause : null
2025-04-20 11:03:09,765 [WARN] ConditionMgr:1044 - genDependencies : Invalid condition id : Cortex-A Device cause : null
2025-04-20 11:03:09,765 [WARN] ConditionMgr:1044 - genDependencies : Invalid condition id : Cortex-A Device cause : null
2025-04-20 11:03:09,770 [WARN] PackLoader:240 - Cannot read IP mode file for STMicroelectronics.X-CUBE-EEPRMA1.5.1.0
2025-04-20 11:03:09,775 [WARN] PackLoader:240 - Cannot read IP mode file for wolfSSL.I-CUBE-wolfSSL.5.7.4
2025-04-20 11:03:09,781 [WARN] PackLoader:240 - Cannot read IP mode file for ITTIA_DB.I-CUBE-ITTIADB.8.9.0
2025-04-20 11:03:09,808 [WARN] PackLoader:240 - Cannot read IP mode file for SEGGER.I-CUBE-embOS.1.3.1
2025-04-20 11:03:09,839 [WARN] PackLoader:240 - Cannot read IP mode file for STMicroelectronics.X-CUBE-ALGOBUILD.1.4.0
2025-04-20 11:03:09,845 [WARN] PackLoader:240 - Cannot read IP mode file for STMicroelectronics.X-CUBE-AI.9.1.0
2025-04-20 11:03:09,859 [WARN] PackLoader:240 - Cannot read IP mode file for STMicroelectronics.X-CUBE-AZRTOS-F4.1.1.0
2025-04-20 11:03:09,866 [WARN] PackLoader:240 - Cannot read IP mode file for Avnet-IotConnect.X-CUBE-IoTC-DA16k-PMOD.1.0.0
2025-04-20 11:03:09,872 [WARN] PackLoader:240 - Cannot read IP mode file for STMicroelectronics.X-CUBE-ISPU.2.1.0
2025-04-20 11:03:09,888 [WARN] PackLoader:240 - Cannot read IP mode file for STMicroelectronics.X-CUBE-AZRTOS-L5.2.0.0
2025-04-20 11:03:09,899 [WARN] PackLoader:240 - Cannot read IP mode file for STMicroelectronics.X-CUBE-NFC6.3.1.0
2025-04-20 11:03:09,906 [WARN] PackLoader:240 - Cannot read IP mode file for STMicroelectronics.X-CUBE-DPower.1.2.0
2025-04-20 11:03:09,914 [WARN] PackLoader:240 - Cannot read IP mode file for STMicroelectronics.X-CUBE-FREERTOS.1.3.0
2025-04-20 11:03:09,918 [WARN] PackLoader:240 - Cannot read IP mode file for STMicroelectronics.X-CUBE-NFC7.1.0.1
2025-04-20 11:03:09,927 [WARN] PackLoader:240 - Cannot read IP mode file for STMicroelectronics.X-CUBE-DPower.1.3.0
2025-04-20 11:03:09,952 [WARN] ConditionMgr:438 - getConditionDescription Invalid condition id : LAN8742 Phy interface Condition cause : null
2025-04-20 11:03:09,952 [WARN] PackLoader:240 - Cannot read IP mode file for STMicroelectronics.X-CUBE-AZRTOS-L4.2.0.0
2025-04-20 11:03:09,954 [WARN] ConditionMgr:1044 - genDependencies : Invalid condition id : LAN8742 Phy interface Condition cause : null
2025-04-20 11:03:09,954 [WARN] ConditionMgr:1044 - genDependencies : Invalid condition id : LAN8742 Phy interface Condition cause : null
2025-04-20 11:03:09,954 [WARN] ConditionMgr:1044 - genDependencies : Invalid condition id : LAN8742 Phy interface Condition cause : null
2025-04-20 11:03:09,962 [WARN] PackLoader:240 - Cannot read IP mode file for STMicroelectronics.X-CUBE-SFXS2LP1.4.0.0
2025-04-20 11:03:09,987 [WARN] PackLoader:240 - Cannot read IP mode file for STMicroelectronics.X-CUBE-AZRTOS-H7.3.3.0
2025-04-20 11:03:09,997 [WARN] PackLoader:240 - Cannot read IP mode file for STMicroelectronics.X-CUBE-IPS.3.0.0
2025-04-20 11:03:10,009 [WARN] ConditionMgr:438 - getConditionDescription Invalid condition id : UX DEVICE CLASS RTOS Condition cause : null
2025-04-20 11:03:10,009 [WARN] ConditionMgr:438 - getConditionDescription Invalid condition id : UX DEVICE CLASS RTOS Condition cause : null
2025-04-20 11:03:10,010 [WARN] PackLoader:240 - Cannot read IP mode file for STMicroelectronics.X-CUBE-AZRTOS-WB.2.0.0
2025-04-20 11:03:10,011 [WARN] ConditionMgr:1044 - genDependencies : Invalid condition id : UX DEVICE CLASS RTOS Condition cause : null
2025-04-20 11:03:10,011 [WARN] ConditionMgr:1044 - genDependencies : Invalid condition id : UX DEVICE CLASS RTOS Condition cause : null
2025-04-20 11:03:10,011 [WARN] ConditionMgr:1044 - genDependencies : Invalid condition id : UX DEVICE CLASS RTOS Condition cause : null
2025-04-20 11:03:10,011 [WARN] ConditionMgr:1044 - genDependencies : Invalid condition id : UX DEVICE CLASS RTOS Condition cause : null
2025-04-20 11:03:10,011 [WARN] ConditionMgr:1044 - genDependencies : Invalid condition id : UX DEVICE CLASS RTOS Condition cause : null
2025-04-20 11:03:10,018 [WARN] PackLoader:240 - Cannot read IP mode file for STMicroelectronics.X-CUBE-GNSS1.7.0.1
2025-04-20 11:03:10,035 [WARN] PackLoader:240 - Cannot read IP mode file for STMicroelectronics.X-CUBE-TOUCHGFX.4.25.0
2025-04-20 11:03:10,061 [WARN] PackLoader:240 - Cannot read IP mode file for STMicroelectronics.FP-SNS-STBOX1.2.0.0
2025-04-20 11:03:10,081 [WARN] PackLoader:240 - Cannot read IP mode file for STMicroelectronics.X-CUBE-SUBG2.5.0.0
2025-04-20 11:03:10,098 [WARN] PackLoader:240 - Cannot read IP mode file for STMicroelectronics.X-CUBE-AZRTOS-H7RS.1.1.0
2025-04-20 11:03:10,106 [WARN] PackLoader:240 - Cannot read IP mode file for Cesanta.I-CUBE-Mongoose.7.13.0
2025-04-20 11:03:10,121 [WARN] PackLoader:240 - Cannot read IP mode file for STMicroelectronics.X-CUBE-AZRTOS-G4.2.0.0
2025-04-20 11:03:10,131 [WARN] PackLoader:240 - Cannot read IP mode file for STMicroelectronics.X-CUBE-IPS.3.1.0
2025-04-20 11:03:10,140 [WARN] PackLoader:240 - Cannot read IP mode file for STMicroelectronics.X-CUBE-ALS.1.0.2
2025-04-20 11:03:10,143 [WARN] PackLoader:240 - Cannot read IP mode file for STMicroelectronics.X-CUBE-TOUCHGFX.4.24.2
2025-04-20 11:03:10,147 [WARN] PackLoader:240 - Cannot read IP mode file for STMicroelectronics.X-CUBE-TOUCHGFX.4.24.1
2025-04-20 11:03:10,151 [WARN] PackLoader:240 - Cannot read IP mode file for wolfSSL.I-CUBE-wolfTPM.3.4.0
2025-04-20 11:03:10,160 [WARN] PackLoader:240 - Cannot read IP mode file for portGmbH.I-Cube-SoM-uGOAL.1.1.0
2025-04-20 11:03:10,173 [WARN] PackLoader:240 - Cannot read IP mode file for STMicroelectronics.X-CUBE-AZRTOS-H7RS.1.0.0
2025-04-20 11:03:10,187 [WARN] PackLoader:240 - Cannot read IP mode file for STMicroelectronics.X-CUBE-TOF1.3.4.2
2025-04-20 11:03:10,203 [WARN] PackLoader:240 - Cannot read IP mode file for STMicroelectronics.X-CUBE-TOF1.3.4.3
2025-04-20 11:03:10,213 [WARN] PackLoader:240 - Cannot read IP mode file for wolfSSL.I-CUBE-wolfSSH.1.4.17
2025-04-20 11:03:10,214 [INFO] ThirdParty:978 - Integrity check success = true
2025-04-20 11:03:10,214 [INFO] IntegrityCheckThread:100 - exiting critical section [integrity check]
2025-04-20 11:03:10,214 [INFO] IntegrityCheckThread:103 - End integrity checks thread
